/usr/bin/cmake -S/ws/src/voxel_detector/voxel_detector -B/ws/build/voxel_detector --check-build-system CMakeFiles/Makefile.cmake 0
/usr/bin/cmake -E cmake_progress_start /ws/build/voxel_detector/CMakeFiles /ws/build/voxel_detector//CMakeFiles/progress.marks
/usr/bin/gmake  -f CMakeFiles/Makefile2 all
gmake[1]: Entering directory '/ws/build/voxel_detector'
/usr/bin/gmake  -f CMakeFiles/voxel_detector_node.dir/build.make CMakeFiles/voxel_detector_node.dir/depend
/usr/bin/gmake  -f CMakeFiles/euclidean_detector_node.dir/build.make CMakeFiles/euclidean_detector_node.dir/depend
/usr/bin/gmake  -f CMakeFiles/dbscan_detector_node.dir/build.make CMakeFiles/dbscan_detector_node.dir/depend
gmake[2]: Entering directory '/ws/build/voxel_detector'
cd /ws/build/voxel_detector && /usr/bin/cmake -E cmake_depends "Unix Makefiles" /ws/src/voxel_detector/voxel_detector /ws/src/voxel_detector/voxel_detector /ws/build/voxel_detector /ws/build/voxel_detector /ws/build/voxel_detector/CMakeFiles/voxel_detector_node.dir/DependInfo.cmake --color=
gmake[2]: Entering directory '/ws/build/voxel_detector'
cd /ws/build/voxel_detector && /usr/bin/cmake -E cmake_depends "Unix Makefiles" /ws/src/voxel_detector/voxel_detector /ws/src/voxel_detector/voxel_detector /ws/build/voxel_detector /ws/build/voxel_detector /ws/build/voxel_detector/CMakeFiles/dbscan_detector_node.dir/DependInfo.cmake --color=
gmake[2]: Entering directory '/ws/build/voxel_detector'
cd /ws/build/voxel_detector && /usr/bin/cmake -E cmake_depends "Unix Makefiles" /ws/src/voxel_detector/voxel_detector /ws/src/voxel_detector/voxel_detector /ws/build/voxel_detector /ws/build/voxel_detector /ws/build/voxel_detector/CMakeFiles/euclidean_detector_node.dir/DependInfo.cmake --color=
Dependencies file "CMakeFiles/dbscan_detector_node.dir/src/dbscan_detector_node.cpp.o.d" is newer than depends file "/ws/build/voxel_detector/CMakeFiles/dbscan_detector_node.dir/compiler_depend.internal".
gmake[2]: Leaving directory '/ws/build/voxel_detector'
gmake[2]: Leaving directory '/ws/build/voxel_detector'
/usr/bin/gmake  -f CMakeFiles/voxel_detector_node.dir/build.make CMakeFiles/voxel_detector_node.dir/build
/usr/bin/gmake  -f CMakeFiles/euclidean_detector_node.dir/build.make CMakeFiles/euclidean_detector_node.dir/build
[35m[1mConsolidate compiler generated dependencies of target dbscan_detector_node[0m
gmake[2]: Leaving directory '/ws/build/voxel_detector'
/usr/bin/gmake  -f CMakeFiles/dbscan_detector_node.dir/build.make CMakeFiles/dbscan_detector_node.dir/build
gmake[2]: Entering directory '/ws/build/voxel_detector'
gmake[2]: Entering directory '/ws/build/voxel_detector'
gmake[2]: Entering directory '/ws/build/voxel_detector'
gmake[2]: Nothing to be done for 'CMakeFiles/euclidean_detector_node.dir/build'.
gmake[2]: Nothing to be done for 'CMakeFiles/voxel_detector_node.dir/build'.
gmake[2]: Leaving directory '/ws/build/voxel_detector'
gmake[2]: Leaving directory '/ws/build/voxel_detector'
[ 16%] [32mBuilding CXX object CMakeFiles/dbscan_detector_node.dir/src/dbscan_detector_node.cpp.o[0m
[ 50%] Built target euclidean_detector_node
/usr/bin/c++ -DBOOST_ALL_NO_LIB -DBOOST_DATE_TIME_DYN_LINK -DBOOST_FILESYSTEM_DYN_LINK -DBOOST_IOSTREAMS_DYN_LINK -DBOOST_SERIALIZATION_DYN_LINK -DBOOST_SYSTEM_DYN_LINK -DDEFAULT_RMW_IMPLEMENTATION=rmw_fastrtps_cpp -DDISABLE_PCAP -DFASTCDR_DYN_LINK -DQT_CORE_LIB -DQT_GUI_LIB -DQT_NO_DEBUG -DQT_OPENGL_LIB -DQT_WIDGETS_LIB -DRCUTILS_ENABLE_FAULT_INJECTION -Dkiss_fft_scalar=double -I/opt/ros/humble/include/pcl_conversions -I/opt/ros/humble/include/message_filters -isystem /usr/include/pcl-1.12 -isystem /usr/include/eigen3 -isystem /usr/include/ni -isystem /usr/include/openni2 -isystem /opt/ros/humble/include/rclcpp -isystem /opt/ros/humble/include/sensor_msgs -isystem /opt/ros/humble/include/visualization_msgs -isystem /opt/ros/humble/include/pcl_msgs -isystem /opt/ros/humble/include/std_msgs -isystem /opt/ros/humble/include/ament_index_cpp -isystem /opt/ros/humble/include/libstatistics_collector -isystem /opt/ros/humble/include/builtin_interfaces -isystem /opt/ros/humble/include/rosidl_runtime_c -isystem /opt/ros/humble/include/rcutils -isystem /opt/ros/humble/include/rosidl_typesupport_interface -isystem /opt/ros/humble/include/fastcdr -isystem /opt/ros/humble/include/rosidl_runtime_cpp -isystem /opt/ros/humble/include/rosidl_typesupport_fastrtps_cpp -isystem /opt/ros/humble/include/rmw -isystem /opt/ros/humble/include/rosidl_typesupport_fastrtps_c -isystem /opt/ros/humble/include/rosidl_typesupport_introspection_c -isystem /opt/ros/humble/include/rosidl_typesupport_introspection_cpp -isystem /opt/ros/humble/include/rcl -isystem /opt/ros/humble/include/rcl_interfaces -isystem /opt/ros/humble/include/rcl_logging_interface -isystem /opt/ros/humble/include/rcl_yaml_param_parser -isystem /opt/ros/humble/include/libyaml_vendor -isystem /opt/ros/humble/include/tracetools -isystem /opt/ros/humble/include/rcpputils -isystem /opt/ros/humble/include/statistics_msgs -isystem /opt/ros/humble/include/rosgraph_msgs -isystem /opt/ros/humble/include/rosidl_typesupport_cpp -isystem /opt/ros/humble/include/rosidl_typesupport_c -isystem /opt/ros/humble/include/geometry_msgs -isystem /usr/include/vtk-9.1 -isystem /usr/include/jsoncpp -isystem /usr/include/freetype2 -isystem /usr/include/aarch64-linux-gnu/qt5 -isystem /usr/include/aarch64-linux-gnu/qt5/QtOpenGL -isystem /usr/include/aarch64-linux-gnu/qt5/QtWidgets -isystem /usr/include/aarch64-linux-gnu/qt5/QtGui -isystem /usr/include/aarch64-linux-gnu/qt5/QtCore -isystem /usr/lib/aarch64-linux-gnu/qt5/mkspecs/linux-g++ -Wall -Wextra -Wpedantic -O3 -fPIC -MD -MT CMakeFiles/dbscan_detector_node.dir/src/dbscan_detector_node.cpp.o -MF CMakeFiles/dbscan_detector_node.dir/src/dbscan_detector_node.cpp.o.d -o CMakeFiles/dbscan_detector_node.dir/src/dbscan_detector_node.cpp.o -c /ws/src/voxel_detector/voxel_detector/src/dbscan_detector_node.cpp
[ 83%] Built target voxel_detector_node
gmake[2]: Leaving directory '/ws/build/voxel_detector'
gmake[1]: Leaving directory '/ws/build/voxel_detector'
