/usr/bin/cmake -S/ws/src/voxel_detector/voxel_detector -B/ws/build/voxel_detector --check-build-system CMakeFiles/Makefile.cmake 0
/usr/bin/cmake -E cmake_progress_start /ws/build/voxel_detector/CMakeFiles /ws/build/voxel_detector//CMakeFiles/progress.marks
/usr/bin/gmake  -f CMakeFiles/Makefile2 all
gmake[1]: Entering directory '/ws/build/voxel_detector'
/usr/bin/gmake  -f CMakeFiles/voxel_detector_node.dir/build.make CMakeFiles/voxel_detector_node.dir/depend
/usr/bin/gmake  -f CMakeFiles/euclidean_detector_node.dir/build.make CMakeFiles/euclidean_detector_node.dir/depend
/usr/bin/gmake  -f CMakeFiles/dbscan_detector_node.dir/build.make CMakeFiles/dbscan_detector_node.dir/depend
gmake[2]: Entering directory '/ws/build/voxel_detector'
cd /ws/build/voxel_detector && /usr/bin/cmake -E cmake_depends "Unix Makefiles" /ws/src/voxel_detector/voxel_detector /ws/src/voxel_detector/voxel_detector /ws/build/voxel_detector /ws/build/voxel_detector /ws/build/voxel_detector/CMakeFiles/voxel_detector_node.dir/DependInfo.cmake --color=
gmake[2]: Entering directory '/ws/build/voxel_detector'
cd /ws/build/voxel_detector && /usr/bin/cmake -E cmake_depends "Unix Makefiles" /ws/src/voxel_detector/voxel_detector /ws/src/voxel_detector/voxel_detector /ws/build/voxel_detector /ws/build/voxel_detector /ws/build/voxel_detector/CMakeFiles/dbscan_detector_node.dir/DependInfo.cmake --color=
gmake[2]: Entering directory '/ws/build/voxel_detector'
cd /ws/build/voxel_detector && /usr/bin/cmake -E cmake_depends "Unix Makefiles" /ws/src/voxel_detector/voxel_detector /ws/src/voxel_detector/voxel_detector /ws/build/voxel_detector /ws/build/voxel_detector /ws/build/voxel_detector/CMakeFiles/euclidean_detector_node.dir/DependInfo.cmake --color=
Dependencies file "CMakeFiles/dbscan_detector_node.dir/src/dbscan_detector_node.cpp.o.d" is newer than depends file "/ws/build/voxel_detector/CMakeFiles/dbscan_detector_node.dir/compiler_depend.internal".
gmake[2]: Leaving directory '/ws/build/voxel_detector'
/usr/bin/gmake  -f CMakeFiles/voxel_detector_node.dir/build.make CMakeFiles/voxel_detector_node.dir/build
gmake[2]: Leaving directory '/ws/build/voxel_detector'
/usr/bin/gmake  -f CMakeFiles/euclidean_detector_node.dir/build.make CMakeFiles/euclidean_detector_node.dir/build
[35m[1mConsolidate compiler generated dependencies of target dbscan_detector_node[0m
gmake[2]: Leaving directory '/ws/build/voxel_detector'
/usr/bin/gmake  -f CMakeFiles/dbscan_detector_node.dir/build.make CMakeFiles/dbscan_detector_node.dir/build
gmake[2]: Entering directory '/ws/build/voxel_detector'
gmake[2]: Nothing to be done for 'CMakeFiles/euclidean_detector_node.dir/build'.
gmake[2]: Entering directory '/ws/build/voxel_detector'
gmake[2]: Nothing to be done for 'CMakeFiles/dbscan_detector_node.dir/build'.
gmake[2]: Leaving directory '/ws/build/voxel_detector'
gmake[2]: Leaving directory '/ws/build/voxel_detector'
gmake[2]: Entering directory '/ws/build/voxel_detector'
gmake[2]: Nothing to be done for 'CMakeFiles/voxel_detector_node.dir/build'.
gmake[2]: Leaving directory '/ws/build/voxel_detector'
[ 66%] Built target euclidean_detector_node
[ 66%] Built target dbscan_detector_node
[100%] Built target voxel_detector_node
gmake[1]: Leaving directory '/ws/build/voxel_detector'
/usr/bin/cmake -E cmake_progress_start /ws/build/voxel_detector/CMakeFiles 0
-- Install configuration: ""
-- Up-to-date: /ws/install/voxel_detector/lib/voxel_detector/voxel_detector_node
-- Up-to-date: /ws/install/voxel_detector/lib/voxel_detector/euclidean_detector_node
-- Up-to-date: /ws/install/voxel_detector/lib/voxel_detector/dbscan_detector_node
-- Up-to-date: /ws/install/voxel_detector/share/voxel_detector/launch
-- Up-to-date: /ws/install/voxel_detector/share/voxel_detector/launch/voxel_detector.launch.py
-- Up-to-date: /ws/install/voxel_detector/share/voxel_detector/launch/euclidean_detector.launch.py
-- Installing: /ws/install/voxel_detector/share/voxel_detector/launch/dbscan_detector.launch.py
-- Up-to-date: /ws/install/voxel_detector/share/voxel_detector/config
-- Up-to-date: /ws/install/voxel_detector/share/ament_index/resource_index/package_run_dependencies/voxel_detector
-- Up-to-date: /ws/install/voxel_detector/share/ament_index/resource_index/parent_prefix_path/voxel_detector
-- Up-to-date: /ws/install/voxel_detector/share/voxel_detector/environment/ament_prefix_path.sh
-- Up-to-date: /ws/install/voxel_detector/share/voxel_detector/environment/ament_prefix_path.dsv
-- Up-to-date: /ws/install/voxel_detector/share/voxel_detector/environment/path.sh
-- Up-to-date: /ws/install/voxel_detector/share/voxel_detector/environment/path.dsv
-- Up-to-date: /ws/install/voxel_detector/share/voxel_detector/local_setup.bash
-- Up-to-date: /ws/install/voxel_detector/share/voxel_detector/local_setup.sh
-- Up-to-date: /ws/install/voxel_detector/share/voxel_detector/local_setup.zsh
-- Up-to-date: /ws/install/voxel_detector/share/voxel_detector/local_setup.dsv
-- Installing: /ws/install/voxel_detector/share/voxel_detector/package.dsv
-- Up-to-date: /ws/install/voxel_detector/share/ament_index/resource_index/packages/voxel_detector
-- Up-to-date: /ws/install/voxel_detector/share/voxel_detector/cmake/voxel_detectorConfig.cmake
-- Up-to-date: /ws/install/voxel_detector/share/voxel_detector/cmake/voxel_detectorConfig-version.cmake
-- Up-to-date: /ws/install/voxel_detector/share/voxel_detector/package.xml
