[0.008s] Invoking command in '/ws/build/voxel_detector': CMAKE_PREFIX_PATH=${CMAKE_PREFIX_PATH}:/opt/ros/humble /usr/bin/cmake --build /ws/build/voxel_detector -- -j5 -l5
[0.022s] /usr/bin/cmake -S/ws/src/voxel_detector/voxel_detector -B/ws/build/voxel_detector --check-build-system CMakeFiles/Makefile.cmake 0
[0.042s] /usr/bin/cmake -E cmake_progress_start /ws/build/voxel_detector/CMakeFiles /ws/build/voxel_detector//CMakeFiles/progress.marks
[0.047s] /usr/bin/gmake  -f CMakeFiles/Makefile2 all
[0.048s] gmake[1]: Entering directory '/ws/build/voxel_detector'
[0.048s] /usr/bin/gmake  -f CMakeFiles/voxel_detector_node.dir/build.make CMakeFiles/voxel_detector_node.dir/depend
[0.050s] /usr/bin/gmake  -f CMakeFiles/euclidean_detector_node.dir/build.make CMakeFiles/euclidean_detector_node.dir/depend
[0.050s] /usr/bin/gmake  -f CMakeFiles/dbscan_detector_node.dir/build.make CMakeFiles/dbscan_detector_node.dir/depend
[0.053s] gmake[2]: Entering directory '/ws/build/voxel_detector'
[0.053s] cd /ws/build/voxel_detector && /usr/bin/cmake -E cmake_depends "Unix Makefiles" /ws/src/voxel_detector/voxel_detector /ws/src/voxel_detector/voxel_detector /ws/build/voxel_detector /ws/build/voxel_detector /ws/build/voxel_detector/CMakeFiles/voxel_detector_node.dir/DependInfo.cmake --color=
[0.053s] gmake[2]: Entering directory '/ws/build/voxel_detector'
[0.053s] cd /ws/build/voxel_detector && /usr/bin/cmake -E cmake_depends "Unix Makefiles" /ws/src/voxel_detector/voxel_detector /ws/src/voxel_detector/voxel_detector /ws/build/voxel_detector /ws/build/voxel_detector /ws/build/voxel_detector/CMakeFiles/dbscan_detector_node.dir/DependInfo.cmake --color=
[0.053s] gmake[2]: Entering directory '/ws/build/voxel_detector'
[0.053s] cd /ws/build/voxel_detector && /usr/bin/cmake -E cmake_depends "Unix Makefiles" /ws/src/voxel_detector/voxel_detector /ws/src/voxel_detector/voxel_detector /ws/build/voxel_detector /ws/build/voxel_detector /ws/build/voxel_detector/CMakeFiles/euclidean_detector_node.dir/DependInfo.cmake --color=
[0.059s] Dependencies file "CMakeFiles/dbscan_detector_node.dir/src/dbscan_detector_node.cpp.o.d" is newer than depends file "/ws/build/voxel_detector/CMakeFiles/dbscan_detector_node.dir/compiler_depend.internal".
[0.059s] gmake[2]: Leaving directory '/ws/build/voxel_detector'
[0.059s] gmake[2]: Leaving directory '/ws/build/voxel_detector'
[0.059s] /usr/bin/gmake  -f CMakeFiles/voxel_detector_node.dir/build.make CMakeFiles/voxel_detector_node.dir/build
[0.059s] /usr/bin/gmake  -f CMakeFiles/euclidean_detector_node.dir/build.make CMakeFiles/euclidean_detector_node.dir/build
[0.060s] [35m[1mConsolidate compiler generated dependencies of target dbscan_detector_node[0m
[0.068s] gmake[2]: Leaving directory '/ws/build/voxel_detector'
[0.068s] /usr/bin/gmake  -f CMakeFiles/dbscan_detector_node.dir/build.make CMakeFiles/dbscan_detector_node.dir/build
[0.077s] gmake[2]: Entering directory '/ws/build/voxel_detector'
[0.077s] gmake[2]: Entering directory '/ws/build/voxel_detector'
[0.077s] gmake[2]: Nothing to be done for 'CMakeFiles/voxel_detector_node.dir/build'.
[0.077s] gmake[2]: Nothing to be done for 'CMakeFiles/euclidean_detector_node.dir/build'.
[0.077s] gmake[2]: Entering directory '/ws/build/voxel_detector'
[0.077s] gmake[2]: Nothing to be done for 'CMakeFiles/dbscan_detector_node.dir/build'.
[0.077s] gmake[2]: Leaving directory '/ws/build/voxel_detector'
[0.077s] gmake[2]: Leaving directory '/ws/build/voxel_detector'
[0.077s] gmake[2]: Leaving directory '/ws/build/voxel_detector'
[0.082s] [ 83%] Built target dbscan_detector_node
[0.082s] [100%] Built target voxel_detector_node
[0.082s] [ 83%] Built target euclidean_detector_node
[0.083s] gmake[1]: Leaving directory '/ws/build/voxel_detector'
[0.083s] /usr/bin/cmake -E cmake_progress_start /ws/build/voxel_detector/CMakeFiles 0
[0.088s] Invoked command in '/ws/build/voxel_detector' returned '0': CMAKE_PREFIX_PATH=${CMAKE_PREFIX_PATH}:/opt/ros/humble /usr/bin/cmake --build /ws/build/voxel_detector -- -j5 -l5
[0.093s] Invoking command in '/ws/build/voxel_detector': CMAKE_PREFIX_PATH=${CMAKE_PREFIX_PATH}:/opt/ros/humble /usr/bin/cmake --install /ws/build/voxel_detector
[0.096s] -- Install configuration: ""
[0.096s] -- Up-to-date: /ws/install/voxel_detector/lib/voxel_detector/voxel_detector_node
[0.096s] -- Up-to-date: /ws/install/voxel_detector/lib/voxel_detector/euclidean_detector_node
[0.097s] -- Up-to-date: /ws/install/voxel_detector/lib/voxel_detector/dbscan_detector_node
[0.097s] -- Up-to-date: /ws/install/voxel_detector/share/voxel_detector/launch
[0.097s] -- Up-to-date: /ws/install/voxel_detector/share/voxel_detector/launch/voxel_detector.launch.py
[0.097s] -- Up-to-date: /ws/install/voxel_detector/share/voxel_detector/launch/euclidean_detector.launch.py
[0.097s] -- Installing: /ws/install/voxel_detector/share/voxel_detector/launch/dbscan_detector.launch.py
[0.097s] -- Up-to-date: /ws/install/voxel_detector/share/voxel_detector/config
[0.098s] -- Up-to-date: /ws/install/voxel_detector/share/ament_index/resource_index/package_run_dependencies/voxel_detector
[0.098s] -- Up-to-date: /ws/install/voxel_detector/share/ament_index/resource_index/parent_prefix_path/voxel_detector
[0.098s] -- Up-to-date: /ws/install/voxel_detector/share/voxel_detector/environment/ament_prefix_path.sh
[0.098s] -- Up-to-date: /ws/install/voxel_detector/share/voxel_detector/environment/ament_prefix_path.dsv
[0.098s] -- Up-to-date: /ws/install/voxel_detector/share/voxel_detector/environment/path.sh
[0.098s] -- Up-to-date: /ws/install/voxel_detector/share/voxel_detector/environment/path.dsv
[0.098s] -- Up-to-date: /ws/install/voxel_detector/share/voxel_detector/local_setup.bash
[0.098s] -- Up-to-date: /ws/install/voxel_detector/share/voxel_detector/local_setup.sh
[0.098s] -- Up-to-date: /ws/install/voxel_detector/share/voxel_detector/local_setup.zsh
[0.098s] -- Up-to-date: /ws/install/voxel_detector/share/voxel_detector/local_setup.dsv
[0.098s] -- Installing: /ws/install/voxel_detector/share/voxel_detector/package.dsv
[0.099s] -- Up-to-date: /ws/install/voxel_detector/share/ament_index/resource_index/packages/voxel_detector
[0.099s] -- Up-to-date: /ws/install/voxel_detector/share/voxel_detector/cmake/voxel_detectorConfig.cmake
[0.099s] -- Up-to-date: /ws/install/voxel_detector/share/voxel_detector/cmake/voxel_detectorConfig-version.cmake
[0.099s] -- Up-to-date: /ws/install/voxel_detector/share/voxel_detector/package.xml
[0.100s] Invoked command in '/ws/build/voxel_detector' returned '0': CMAKE_PREFIX_PATH=${CMAKE_PREFIX_PATH}:/opt/ros/humble /usr/bin/cmake --install /ws/build/voxel_detector
