[0.008s] Invoking command in '/ws/build/voxel_detector': CMAKE_PREFIX_PATH=${CMAKE_PREFIX_PATH}:/opt/ros/humble /usr/bin/cmake /ws/src/voxel_detector/voxel_detector -DCMAKE_VERBOSE_MAKEFILE=ON -DCMAKE_INSTALL_PREFIX=/ws/install/voxel_detector
[0.064s] -- The C compiler identification is GNU 11.4.0
[0.101s] -- The CXX compiler identification is GNU 11.4.0
[0.105s] -- Detecting C compiler ABI info
[0.141s] -- Detecting C compiler ABI info - done
[0.146s] -- Check for working C compiler: /usr/bin/cc - skipped
[0.146s] -- Detecting C compile features
[0.146s] -- Detecting C compile features - done
[0.148s] -- Detecting CXX compiler ABI info
[0.191s] -- Detecting CXX compiler ABI info - done
[0.196s] -- Check for working CXX compiler: /usr/bin/c++ - skipped
[0.196s] -- Detecting CXX compile features
[0.196s] -- Detecting CXX compile features - done
[0.199s] -- Found ament_cmake: 1.3.12 (/opt/ros/humble/share/ament_cmake/cmake)
[0.264s] -- Found Python3: /usr/bin/python3 (found version "3.10.12") found components: Interpreter 
[0.312s] -- Found rclcpp: 16.0.17 (/opt/ros/humble/share/rclcpp/cmake)
[0.334s] -- Found rosidl_generator_c: 3.1.8 (/opt/ros/humble/share/rosidl_generator_c/cmake)
[0.337s] -- Found rosidl_adapter: 3.1.8 (/opt/ros/humble/share/rosidl_adapter/cmake)
[0.342s] -- Found rosidl_generator_cpp: 3.1.8 (/opt/ros/humble/share/rosidl_generator_cpp/cmake)
[0.349s] -- Using all available rosidl_typesupport_c: rosidl_typesupport_fastrtps_c;rosidl_typesupport_introspection_c
[0.359s] -- Using all available rosidl_typesupport_cpp: rosidl_typesupport_fastrtps_cpp;rosidl_typesupport_introspection_cpp
[0.383s] -- Found rmw_implementation_cmake: 6.1.2 (/opt/ros/humble/share/rmw_implementation_cmake/cmake)
[0.385s] -- Found rmw_cyclonedds_cpp: 1.3.4 (/opt/ros/humble/share/rmw_cyclonedds_cpp/cmake)
[0.397s] -- Using RMW implementation 'rmw_cyclonedds_cpp' as default
[0.401s] -- Looking for pthread.h
[0.456s] -- Looking for pthread.h - found
[0.457s] -- Performing Test CMAKE_HAVE_LIBC_PTHREAD
[0.506s] -- Performing Test CMAKE_HAVE_LIBC_PTHREAD - Success
[0.507s] -- Found Threads: TRUE  
[0.539s] -- Found sensor_msgs: 4.9.0 (/opt/ros/humble/share/sensor_msgs/cmake)
[0.557s] -- Found visualization_msgs: 4.9.0 (/opt/ros/humble/share/visualization_msgs/cmake)
[0.578s] -- Checking for module 'eigen3'
[0.583s] --   Found eigen3, version 3.4.0
[0.594s] -- Found Eigen: /usr/include/eigen3 (Required is at least version "3.1") 
[0.594s] -- Eigen found (include: /usr/include/eigen3, version: 3.4.0)
[0.614s] -- Found Boost: /usr/lib/aarch64-linux-gnu/cmake/Boost-1.74.0/BoostConfig.cmake (found suitable version "1.74.0", minimum required is "1.65.0") found components: system filesystem date_time iostreams serialization 
[0.628s] -- Checking for module 'flann'
[0.635s] --   Found flann, version 1.9.1
[0.656s] -- Found FLANN: /usr/lib/aarch64-linux-gnu/libflann_cpp.so  
[0.656s] -- FLANN found (include: /usr/include, lib: /usr/lib/aarch64-linux-gnu/libflann_cpp.so)
[0.682s] -- Found GLEW: /usr/lib/aarch64-linux-gnu/libGLEW.so  
[0.684s] -- Found OpenGL: /usr/lib/aarch64-linux-gnu/libOpenGL.so  found components: OpenGL GLX 
[0.759s] -- Found MPI_C: /usr/lib/aarch64-linux-gnu/libmpi.so (found version "3.1") 
[0.759s] -- Found MPI: TRUE (found version "3.1") found components: C 
[0.760s] -- Found JsonCpp: /usr/lib/aarch64-linux-gnu/libjsoncpp.so (found suitable version "1.9.5", minimum required is "0.7.0") 
[0.764s] -- Found ZLIB: /usr/lib/aarch64-linux-gnu/libz.so (found version "1.2.11") 
[0.771s] -- Found PNG: /usr/lib/aarch64-linux-gnu/libpng.so (found version "1.6.37") 
[0.779s] -- Found Eigen3: /usr/include/eigen3 (found version "3.4.0") 
[0.824s] -- Found X11: /usr/include   
[0.824s] -- Looking for XOpenDisplay in /usr/lib/aarch64-linux-gnu/libX11.so;/usr/lib/aarch64-linux-gnu/libXext.so
[0.865s] -- Looking for XOpenDisplay in /usr/lib/aarch64-linux-gnu/libX11.so;/usr/lib/aarch64-linux-gnu/libXext.so - found
[0.865s] -- Looking for gethostbyname
[0.899s] -- Looking for gethostbyname - found
[0.899s] -- Looking for connect
[0.932s] -- Looking for connect - found
[0.932s] -- Looking for remove
[0.963s] -- Looking for remove - found
[0.963s] -- Looking for shmat
[0.995s] -- Looking for shmat - found
[0.995s] -- Looking for IceConnectionNumber in ICE
[1.026s] -- Looking for IceConnectionNumber in ICE - found
[1.066s] -- Found EXPAT: /usr/lib/aarch64-linux-gnu/libexpat.so (found version "2.4.7") 
[1.066s] -- Found double-conversion: /usr/lib/aarch64-linux-gnu/libdouble-conversion.so  
[1.067s] -- Found LZ4: /usr/lib/aarch64-linux-gnu/liblz4.so (found version "1.9.3") 
[1.068s] -- Found LZMA: /usr/lib/aarch64-linux-gnu/liblzma.so (found version "5.2.5") 
[1.078s] -- Found JPEG: /usr/lib/aarch64-linux-gnu/libjpeg.so (found version "80") 
[1.080s] -- Found TIFF: /usr/lib/aarch64-linux-gnu/libtiff.so (found version "4.3.0")  
[1.083s] -- Found Freetype: /usr/lib/aarch64-linux-gnu/libfreetype.so (found version "2.11.1") 
[1.086s] -- Found utf8cpp: /usr/include/utf8cpp  
[1.122s] -- Checking for module 'libusb-1.0'
[1.127s] --   Found libusb-1.0, version 1.0.25
[1.139s] -- Found libusb: /usr/lib/aarch64-linux-gnu/libusb-1.0.so  
[1.140s] -- Found OpenNI: /usr/lib/libOpenNI.so;libusb::libusb (found version "1.5.4.0") 
[1.140s] -- OpenNI found (version: 1.5.4.0, include: /usr/include/ni, lib: /usr/lib/libOpenNI.so;libusb::libusb)
[1.161s] -- Found OpenNI2: /usr/lib/aarch64-linux-gnu/libOpenNI2.so;libusb::libusb (found version "2.2.0.33") 
[1.161s] -- OpenNI2 found (version: 2.2.0.33, include: /usr/include/openni2, lib: /usr/lib/aarch64-linux-gnu/libOpenNI2.so;libusb::libusb)
[1.162s] [0m** WARNING ** io features related to pcap will be disabled[0m
[1.250s] -- Eigen found (include: /usr/include/eigen3, version: 3.4.0)
[1.254s] -- OpenNI found (version: 1.5.4.0, include: /usr/include/ni, lib: /usr/lib/libOpenNI.so;libusb::libusb)
[1.257s] -- OpenNI2 found (version: 2.2.0.33, include: /usr/include/openni2, lib: /usr/lib/aarch64-linux-gnu/libOpenNI2.so;libusb::libusb)
[1.338s] -- Found Qhull version 8.0.2
[1.423s] -- OpenNI found (version: 1.5.4.0, include: /usr/include/ni, lib: /usr/lib/libOpenNI.so;libusb::libusb)
[1.504s] -- looking for PCL_COMMON
[1.505s] -- Found PCL_COMMON: /usr/lib/aarch64-linux-gnu/libpcl_common.so  
[1.505s] -- looking for PCL_KDTREE
[1.505s] -- Found PCL_KDTREE: /usr/lib/aarch64-linux-gnu/libpcl_kdtree.so  
[1.505s] -- looking for PCL_OCTREE
[1.506s] -- Found PCL_OCTREE: /usr/lib/aarch64-linux-gnu/libpcl_octree.so  
[1.506s] -- looking for PCL_SEARCH
[1.506s] -- Found PCL_SEARCH: /usr/lib/aarch64-linux-gnu/libpcl_search.so  
[1.506s] -- looking for PCL_SAMPLE_CONSENSUS
[1.507s] -- Found PCL_SAMPLE_CONSENSUS: /usr/lib/aarch64-linux-gnu/libpcl_sample_consensus.so  
[1.507s] -- looking for PCL_FILTERS
[1.507s] -- Found PCL_FILTERS: /usr/lib/aarch64-linux-gnu/libpcl_filters.so  
[1.507s] -- looking for PCL_2D
[1.507s] -- Found PCL_2D: /usr/include/pcl-1.12  
[1.507s] -- looking for PCL_GEOMETRY
[1.507s] -- Found PCL_GEOMETRY: /usr/include/pcl-1.12  
[1.508s] -- looking for PCL_IO
[1.508s] -- Found PCL_IO: /usr/lib/aarch64-linux-gnu/libpcl_io.so  
[1.508s] -- looking for PCL_FEATURES
[1.508s] -- Found PCL_FEATURES: /usr/lib/aarch64-linux-gnu/libpcl_features.so  
[1.508s] -- looking for PCL_ML
[1.509s] -- Found PCL_ML: /usr/lib/aarch64-linux-gnu/libpcl_ml.so  
[1.509s] -- looking for PCL_SEGMENTATION
[1.509s] -- Found PCL_SEGMENTATION: /usr/lib/aarch64-linux-gnu/libpcl_segmentation.so  
[1.509s] -- looking for PCL_VISUALIZATION
[1.510s] -- Found PCL_VISUALIZATION: /usr/lib/aarch64-linux-gnu/libpcl_visualization.so  
[1.510s] -- looking for PCL_SURFACE
[1.510s] -- Found PCL_SURFACE: /usr/lib/aarch64-linux-gnu/libpcl_surface.so  
[1.511s] -- looking for PCL_REGISTRATION
[1.511s] -- Found PCL_REGISTRATION: /usr/lib/aarch64-linux-gnu/libpcl_registration.so  
[1.511s] -- looking for PCL_KEYPOINTS
[1.512s] -- Found PCL_KEYPOINTS: /usr/lib/aarch64-linux-gnu/libpcl_keypoints.so  
[1.512s] -- looking for PCL_TRACKING
[1.512s] -- Found PCL_TRACKING: /usr/lib/aarch64-linux-gnu/libpcl_tracking.so  
[1.512s] -- looking for PCL_RECOGNITION
[1.513s] -- Found PCL_RECOGNITION: /usr/lib/aarch64-linux-gnu/libpcl_recognition.so  
[1.513s] -- looking for PCL_STEREO
[1.513s] -- Found PCL_STEREO: /usr/lib/aarch64-linux-gnu/libpcl_stereo.so  
[1.513s] -- looking for PCL_APPS
[1.514s] -- Found PCL_APPS: /usr/lib/aarch64-linux-gnu/libpcl_apps.so  
[1.514s] -- looking for PCL_IN_HAND_SCANNER
[1.514s] -- Found PCL_IN_HAND_SCANNER: /usr/include/pcl-1.12  
[1.514s] -- looking for PCL_MODELER
[1.514s] -- Found PCL_MODELER: /usr/include/pcl-1.12  
[1.514s] -- looking for PCL_POINT_CLOUD_EDITOR
[1.515s] -- Found PCL_POINT_CLOUD_EDITOR: /usr/include/pcl-1.12  
[1.515s] -- looking for PCL_OUTOFCORE
[1.515s] -- Found PCL_OUTOFCORE: /usr/lib/aarch64-linux-gnu/libpcl_outofcore.so  
[1.515s] -- looking for PCL_PEOPLE
[1.516s] -- Found PCL_PEOPLE: /usr/lib/aarch64-linux-gnu/libpcl_people.so  
[1.516s] -- Found PCL: pcl_common;pcl_kdtree;pcl_octree;pcl_search;pcl_sample_consensus;pcl_filters;pcl_io;pcl_features;pcl_ml;pcl_segmentation;pcl_visualization;pcl_surface;pcl_registration;pcl_keypoints;pcl_tracking;pcl_recognition;pcl_stereo;pcl_apps;pcl_outofcore;pcl_people;Boost::system;Boost::filesystem;Boost::date_time;Boost::iostreams;Boost::serialization;/usr/lib/libOpenNI.so;libusb::libusb;/usr/lib/aarch64-linux-gnu/libOpenNI2.so;libusb::libusb;VTK::ChartsCore;VTK::CommonColor;VTK::CommonComputationalGeometry;VTK::CommonCore;VTK::CommonDataModel;VTK::CommonExecutionModel;VTK::CommonMath;VTK::CommonMisc;VTK::CommonTransforms;VTK::FiltersCore;VTK::FiltersExtraction;VTK::FiltersGeneral;VTK::FiltersGeometry;VTK::FiltersModeling;VTK::FiltersSources;VTK::ImagingCore;VTK::ImagingSources;VTK::InteractionImage;VTK::InteractionStyle;VTK::InteractionWidgets;VTK::IOCore;VTK::IOGeometry;VTK::IOImage;VTK::IOLegacy;VTK::IOPLY;VTK::RenderingAnnotation;VTK::RenderingCore;VTK::RenderingContext2D;VTK::RenderingLOD;VTK::RenderingFreeType;VTK::ViewsCore;VTK::ViewsContext2D;VTK::RenderingOpenGL2;VTK::GUISupportQt;FLANN::FLANN;QHULL::QHULL  
[1.517s] -- Found pcl_conversions: 2.4.5 (/opt/ros/humble/share/pcl_conversions/cmake)
[1.547s] -- Configuring done
[1.590s] -- Generating done
[1.603s] -- Build files have been written to: /ws/build/voxel_detector
[1.610s] Invoked command in '/ws/build/voxel_detector' returned '0': CMAKE_PREFIX_PATH=${CMAKE_PREFIX_PATH}:/opt/ros/humble /usr/bin/cmake /ws/src/voxel_detector/voxel_detector -DCMAKE_VERBOSE_MAKEFILE=ON -DCMAKE_INSTALL_PREFIX=/ws/install/voxel_detector
[1.611s] Invoking command in '/ws/build/voxel_detector': CMAKE_PREFIX_PATH=${CMAKE_PREFIX_PATH}:/opt/ros/humble /usr/bin/cmake --build /ws/build/voxel_detector -- -j5 -l5
[1.619s] /usr/bin/cmake -S/ws/src/voxel_detector/voxel_detector -B/ws/build/voxel_detector --check-build-system CMakeFiles/Makefile.cmake 0
[1.626s] /usr/bin/cmake -E cmake_progress_start /ws/build/voxel_detector/CMakeFiles /ws/build/voxel_detector//CMakeFiles/progress.marks
[1.629s] /usr/bin/gmake  -f CMakeFiles/Makefile2 all
[1.630s] gmake[1]: Entering directory '/ws/build/voxel_detector'
[1.630s] /usr/bin/gmake  -f CMakeFiles/voxel_detector_node.dir/build.make CMakeFiles/voxel_detector_node.dir/depend
[1.630s] /usr/bin/gmake  -f CMakeFiles/euclidean_detector_node.dir/build.make CMakeFiles/euclidean_detector_node.dir/depend
[1.630s] /usr/bin/gmake  -f CMakeFiles/dbscan_detector_node.dir/build.make CMakeFiles/dbscan_detector_node.dir/depend
[1.631s] gmake[2]: Entering directory '/ws/build/voxel_detector'
[1.631s] cd /ws/build/voxel_detector && /usr/bin/cmake -E cmake_depends "Unix Makefiles" /ws/src/voxel_detector/voxel_detector /ws/src/voxel_detector/voxel_detector /ws/build/voxel_detector /ws/build/voxel_detector /ws/build/voxel_detector/CMakeFiles/voxel_detector_node.dir/DependInfo.cmake --color=
[1.631s] gmake[2]: Entering directory '/ws/build/voxel_detector'
[1.631s] cd /ws/build/voxel_detector && /usr/bin/cmake -E cmake_depends "Unix Makefiles" /ws/src/voxel_detector/voxel_detector /ws/src/voxel_detector/voxel_detector /ws/build/voxel_detector /ws/build/voxel_detector /ws/build/voxel_detector/CMakeFiles/euclidean_detector_node.dir/DependInfo.cmake --color=
[1.631s] gmake[2]: Entering directory '/ws/build/voxel_detector'
[1.631s] cd /ws/build/voxel_detector && /usr/bin/cmake -E cmake_depends "Unix Makefiles" /ws/src/voxel_detector/voxel_detector /ws/src/voxel_detector/voxel_detector /ws/build/voxel_detector /ws/build/voxel_detector /ws/build/voxel_detector/CMakeFiles/dbscan_detector_node.dir/DependInfo.cmake --color=
[1.635s] gmake[2]: Leaving directory '/ws/build/voxel_detector'
[1.635s] /usr/bin/gmake  -f CMakeFiles/dbscan_detector_node.dir/build.make CMakeFiles/dbscan_detector_node.dir/build
[1.635s] gmake[2]: Leaving directory '/ws/build/voxel_detector'
[1.635s] gmake[2]: Leaving directory '/ws/build/voxel_detector'
[1.635s] /usr/bin/gmake  -f CMakeFiles/voxel_detector_node.dir/build.make CMakeFiles/voxel_detector_node.dir/build
[1.635s] /usr/bin/gmake  -f CMakeFiles/euclidean_detector_node.dir/build.make CMakeFiles/euclidean_detector_node.dir/build
[1.636s] gmake[2]: Entering directory '/ws/build/voxel_detector'
[1.636s] gmake[2]: Entering directory '/ws/build/voxel_detector'
[1.636s] gmake[2]: Entering directory '/ws/build/voxel_detector'
[1.640s] [ 33%] [32mBuilding CXX object CMakeFiles/dbscan_detector_node.dir/src/dbscan_detector_node.cpp.o[0m
[1.640s] [ 33%] [32mBuilding CXX object CMakeFiles/euclidean_detector_node.dir/src/euclidean_detector_node.cpp.o[0m
[1.640s] [ 50%] [32mBuilding CXX object CMakeFiles/voxel_detector_node.dir/src/voxel_detector_node.cpp.o[0m
[1.640s] /usr/bin/c++ -DBOOST_ALL_NO_LIB -DBOOST_DATE_TIME_DYN_LINK -DBOOST_FILESYSTEM_DYN_LINK -DBOOST_IOSTREAMS_DYN_LINK -DBOOST_SERIALIZATION_DYN_LINK -DBOOST_SYSTEM_DYN_LINK -DDEFAULT_RMW_IMPLEMENTATION=rmw_fastrtps_cpp -DDISABLE_PCAP -DFASTCDR_DYN_LINK -DQT_CORE_LIB -DQT_GUI_LIB -DQT_NO_DEBUG -DQT_OPENGL_LIB -DQT_WIDGETS_LIB -DRCUTILS_ENABLE_FAULT_INJECTION -Dkiss_fft_scalar=double -I/opt/ros/humble/include/pcl_conversions -I/opt/ros/humble/include/message_filters -isystem /usr/include/pcl-1.12 -isystem /usr/include/eigen3 -isystem /usr/include/ni -isystem /usr/include/openni2 -isystem /opt/ros/humble/include/rclcpp -isystem /opt/ros/humble/include/sensor_msgs -isystem /opt/ros/humble/include/visualization_msgs -isystem /opt/ros/humble/include/pcl_msgs -isystem /opt/ros/humble/include/std_msgs -isystem /opt/ros/humble/include/ament_index_cpp -isystem /opt/ros/humble/include/libstatistics_collector -isystem /opt/ros/humble/include/builtin_interfaces -isystem /opt/ros/humble/include/rosidl_runtime_c -isystem /opt/ros/humble/include/rcutils -isystem /opt/ros/humble/include/rosidl_typesupport_interface -isystem /opt/ros/humble/include/fastcdr -isystem /opt/ros/humble/include/rosidl_runtime_cpp -isystem /opt/ros/humble/include/rosidl_typesupport_fastrtps_cpp -isystem /opt/ros/humble/include/rmw -isystem /opt/ros/humble/include/rosidl_typesupport_fastrtps_c -isystem /opt/ros/humble/include/rosidl_typesupport_introspection_c -isystem /opt/ros/humble/include/rosidl_typesupport_introspection_cpp -isystem /opt/ros/humble/include/rcl -isystem /opt/ros/humble/include/rcl_interfaces -isystem /opt/ros/humble/include/rcl_logging_interface -isystem /opt/ros/humble/include/rcl_yaml_param_parser -isystem /opt/ros/humble/include/libyaml_vendor -isystem /opt/ros/humble/include/tracetools -isystem /opt/ros/humble/include/rcpputils -isystem /opt/ros/humble/include/statistics_msgs -isystem /opt/ros/humble/include/rosgraph_msgs -isystem /opt/ros/humble/include/rosidl_typesupport_cpp -isystem /opt/ros/humble/include/rosidl_typesupport_c -isystem /opt/ros/humble/include/geometry_msgs -isystem /usr/include/vtk-9.1 -isystem /usr/include/jsoncpp -isystem /usr/include/freetype2 -isystem /usr/include/aarch64-linux-gnu/qt5 -isystem /usr/include/aarch64-linux-gnu/qt5/QtOpenGL -isystem /usr/include/aarch64-linux-gnu/qt5/QtWidgets -isystem /usr/include/aarch64-linux-gnu/qt5/QtGui -isystem /usr/include/aarch64-linux-gnu/qt5/QtCore -isystem /usr/lib/aarch64-linux-gnu/qt5/mkspecs/linux-g++ -Wall -Wextra -Wpedantic -O3 -fPIC -MD -MT CMakeFiles/euclidean_detector_node.dir/src/euclidean_detector_node.cpp.o -MF CMakeFiles/euclidean_detector_node.dir/src/euclidean_detector_node.cpp.o.d -o CMakeFiles/euclidean_detector_node.dir/src/euclidean_detector_node.cpp.o -c /ws/src/voxel_detector/voxel_detector/src/euclidean_detector_node.cpp
[1.640s] /usr/bin/c++ -DBOOST_ALL_NO_LIB -DBOOST_DATE_TIME_DYN_LINK -DBOOST_FILESYSTEM_DYN_LINK -DBOOST_IOSTREAMS_DYN_LINK -DBOOST_SERIALIZATION_DYN_LINK -DBOOST_SYSTEM_DYN_LINK -DDEFAULT_RMW_IMPLEMENTATION=rmw_fastrtps_cpp -DDISABLE_PCAP -DFASTCDR_DYN_LINK -DQT_CORE_LIB -DQT_GUI_LIB -DQT_NO_DEBUG -DQT_OPENGL_LIB -DQT_WIDGETS_LIB -DRCUTILS_ENABLE_FAULT_INJECTION -Dkiss_fft_scalar=double -I/opt/ros/humble/include/pcl_conversions -I/opt/ros/humble/include/message_filters -isystem /usr/include/pcl-1.12 -isystem /usr/include/eigen3 -isystem /usr/include/ni -isystem /usr/include/openni2 -isystem /opt/ros/humble/include/rclcpp -isystem /opt/ros/humble/include/sensor_msgs -isystem /opt/ros/humble/include/visualization_msgs -isystem /opt/ros/humble/include/pcl_msgs -isystem /opt/ros/humble/include/std_msgs -isystem /opt/ros/humble/include/ament_index_cpp -isystem /opt/ros/humble/include/libstatistics_collector -isystem /opt/ros/humble/include/builtin_interfaces -isystem /opt/ros/humble/include/rosidl_runtime_c -isystem /opt/ros/humble/include/rcutils -isystem /opt/ros/humble/include/rosidl_typesupport_interface -isystem /opt/ros/humble/include/fastcdr -isystem /opt/ros/humble/include/rosidl_runtime_cpp -isystem /opt/ros/humble/include/rosidl_typesupport_fastrtps_cpp -isystem /opt/ros/humble/include/rmw -isystem /opt/ros/humble/include/rosidl_typesupport_fastrtps_c -isystem /opt/ros/humble/include/rosidl_typesupport_introspection_c -isystem /opt/ros/humble/include/rosidl_typesupport_introspection_cpp -isystem /opt/ros/humble/include/rcl -isystem /opt/ros/humble/include/rcl_interfaces -isystem /opt/ros/humble/include/rcl_logging_interface -isystem /opt/ros/humble/include/rcl_yaml_param_parser -isystem /opt/ros/humble/include/libyaml_vendor -isystem /opt/ros/humble/include/tracetools -isystem /opt/ros/humble/include/rcpputils -isystem /opt/ros/humble/include/statistics_msgs -isystem /opt/ros/humble/include/rosgraph_msgs -isystem /opt/ros/humble/include/rosidl_typesupport_cpp -isystem /opt/ros/humble/include/rosidl_typesupport_c -isystem /opt/ros/humble/include/geometry_msgs -isystem /usr/include/vtk-9.1 -isystem /usr/include/jsoncpp -isystem /usr/include/freetype2 -isystem /usr/include/aarch64-linux-gnu/qt5 -isystem /usr/include/aarch64-linux-gnu/qt5/QtOpenGL -isystem /usr/include/aarch64-linux-gnu/qt5/QtWidgets -isystem /usr/include/aarch64-linux-gnu/qt5/QtGui -isystem /usr/include/aarch64-linux-gnu/qt5/QtCore -isystem /usr/lib/aarch64-linux-gnu/qt5/mkspecs/linux-g++ -Wall -Wextra -Wpedantic -O3 -fPIC -MD -MT CMakeFiles/dbscan_detector_node.dir/src/dbscan_detector_node.cpp.o -MF CMakeFiles/dbscan_detector_node.dir/src/dbscan_detector_node.cpp.o.d -o CMakeFiles/dbscan_detector_node.dir/src/dbscan_detector_node.cpp.o -c /ws/src/voxel_detector/voxel_detector/src/dbscan_detector_node.cpp
[1.641s] /usr/bin/c++ -DBOOST_ALL_NO_LIB -DBOOST_DATE_TIME_DYN_LINK -DBOOST_FILESYSTEM_DYN_LINK -DBOOST_IOSTREAMS_DYN_LINK -DBOOST_SERIALIZATION_DYN_LINK -DBOOST_SYSTEM_DYN_LINK -DDEFAULT_RMW_IMPLEMENTATION=rmw_fastrtps_cpp -DDISABLE_PCAP -DFASTCDR_DYN_LINK -DQT_CORE_LIB -DQT_GUI_LIB -DQT_NO_DEBUG -DQT_OPENGL_LIB -DQT_WIDGETS_LIB -DRCUTILS_ENABLE_FAULT_INJECTION -Dkiss_fft_scalar=double -I/opt/ros/humble/include/pcl_conversions -I/opt/ros/humble/include/message_filters -isystem /usr/include/pcl-1.12 -isystem /usr/include/eigen3 -isystem /usr/include/ni -isystem /usr/include/openni2 -isystem /opt/ros/humble/include/rclcpp -isystem /opt/ros/humble/include/sensor_msgs -isystem /opt/ros/humble/include/visualization_msgs -isystem /opt/ros/humble/include/pcl_msgs -isystem /opt/ros/humble/include/std_msgs -isystem /opt/ros/humble/include/ament_index_cpp -isystem /opt/ros/humble/include/libstatistics_collector -isystem /opt/ros/humble/include/builtin_interfaces -isystem /opt/ros/humble/include/rosidl_runtime_c -isystem /opt/ros/humble/include/rcutils -isystem /opt/ros/humble/include/rosidl_typesupport_interface -isystem /opt/ros/humble/include/fastcdr -isystem /opt/ros/humble/include/rosidl_runtime_cpp -isystem /opt/ros/humble/include/rosidl_typesupport_fastrtps_cpp -isystem /opt/ros/humble/include/rmw -isystem /opt/ros/humble/include/rosidl_typesupport_fastrtps_c -isystem /opt/ros/humble/include/rosidl_typesupport_introspection_c -isystem /opt/ros/humble/include/rosidl_typesupport_introspection_cpp -isystem /opt/ros/humble/include/rcl -isystem /opt/ros/humble/include/rcl_interfaces -isystem /opt/ros/humble/include/rcl_logging_interface -isystem /opt/ros/humble/include/rcl_yaml_param_parser -isystem /opt/ros/humble/include/libyaml_vendor -isystem /opt/ros/humble/include/tracetools -isystem /opt/ros/humble/include/rcpputils -isystem /opt/ros/humble/include/statistics_msgs -isystem /opt/ros/humble/include/rosgraph_msgs -isystem /opt/ros/humble/include/rosidl_typesupport_cpp -isystem /opt/ros/humble/include/rosidl_typesupport_c -isystem /opt/ros/humble/include/geometry_msgs -isystem /usr/include/vtk-9.1 -isystem /usr/include/jsoncpp -isystem /usr/include/freetype2 -isystem /usr/include/aarch64-linux-gnu/qt5 -isystem /usr/include/aarch64-linux-gnu/qt5/QtOpenGL -isystem /usr/include/aarch64-linux-gnu/qt5/QtWidgets -isystem /usr/include/aarch64-linux-gnu/qt5/QtGui -isystem /usr/include/aarch64-linux-gnu/qt5/QtCore -isystem /usr/lib/aarch64-linux-gnu/qt5/mkspecs/linux-g++ -Wall -Wextra -Wpedantic -O3 -fPIC -MD -MT CMakeFiles/voxel_detector_node.dir/src/voxel_detector_node.cpp.o -MF CMakeFiles/voxel_detector_node.dir/src/voxel_detector_node.cpp.o.d -o CMakeFiles/voxel_detector_node.dir/src/voxel_detector_node.cpp.o -c /ws/src/voxel_detector/voxel_detector/src/voxel_detector_node.cpp
[12.184s] [ 66%] [32m[1mLinking CXX executable voxel_detector_node[0m
[12.185s] /usr/bin/cmake -E cmake_link_script CMakeFiles/voxel_detector_node.dir/link.txt --verbose=1
[12.189s] /usr/bin/c++ CMakeFiles/voxel_detector_node.dir/src/voxel_detector_node.cpp.o -o voxel_detector_node  -Wl,-rpath,/opt/ros/humble/lib /opt/ros/humble/lib/libvisualization_msgs__rosidl_typesupport_fastrtps_c.so /opt/ros/humble/lib/libvisualization_msgs__rosidl_typesupport_fastrtps_cpp.so /opt/ros/humble/lib/libvisualization_msgs__rosidl_typesupport_introspection_c.so /opt/ros/humble/lib/libvisualization_msgs__rosidl_typesupport_introspection_cpp.so /opt/ros/humble/lib/libvisualization_msgs__rosidl_typesupport_cpp.so /opt/ros/humble/lib/libvisualization_msgs__rosidl_generator_py.so /opt/ros/humble/lib/libmessage_filters.so /opt/ros/humble/lib/librclcpp.so /opt/ros/humble/lib/librosidl_typesupport_fastrtps_c.so /opt/ros/humble/lib/librmw.so /opt/ros/humble/lib/librosidl_typesupport_fastrtps_cpp.so /opt/ros/humble/lib/librcutils.so -ldl -latomic /opt/ros/humble/lib/librcpputils.so /opt/ros/humble/lib/librosidl_typesupport_c.so /opt/ros/humble/lib/librosidl_typesupport_cpp.so /opt/ros/humble/lib/librosidl_runtime_c.so /opt/ros/humble/lib/librosidl_typesupport_introspection_c.so /opt/ros/humble/lib/librosidl_typesupport_introspection_cpp.so /opt/ros/humble/lib/libpcl_msgs__rosidl_generator_c.so /opt/ros/humble/lib/libpcl_msgs__rosidl_typesupport_fastrtps_c.so /opt/ros/humble/lib/libsensor_msgs__rosidl_typesupport_fastrtps_c.so /opt/ros/humble/lib/libpcl_msgs__rosidl_typesupport_introspection_c.so /opt/ros/humble/lib/libsensor_msgs__rosidl_typesupport_introspection_c.so /opt/ros/humble/lib/libpcl_msgs__rosidl_typesupport_c.so /opt/ros/humble/lib/libpcl_msgs__rosidl_typesupport_fastrtps_cpp.so /opt/ros/humble/lib/libsensor_msgs__rosidl_typesupport_fastrtps_cpp.so /opt/ros/humble/lib/libpcl_msgs__rosidl_typesupport_introspection_cpp.so /opt/ros/humble/lib/libsensor_msgs__rosidl_typesupport_introspection_cpp.so /opt/ros/humble/lib/libpcl_msgs__rosidl_typesupport_cpp.so /opt/ros/humble/lib/libpcl_msgs__rosidl_generator_py.so /opt/ros/humble/lib/libpcl_msgs__rosidl_typesupport_c.so /opt/ros/humble/lib/libsensor_msgs__rosidl_generator_py.so /opt/ros/humble/lib/librclcpp.so /opt/ros/humble/lib/liblibstatistics_collector.so /opt/ros/humble/lib/librcl.so /opt/ros/humble/lib/librcl_interfaces__rosidl_typesupport_fastrtps_c.so /opt/ros/humble/lib/librcl_interfaces__rosidl_typesupport_introspection_c.so /opt/ros/humble/lib/librcl_interfaces__rosidl_typesupport_fastrtps_cpp.so /opt/ros/humble/lib/librcl_interfaces__rosidl_typesupport_introspection_cpp.so /opt/ros/humble/lib/librcl_interfaces__rosidl_typesupport_cpp.so /opt/ros/humble/lib/librcl_interfaces__rosidl_generator_py.so /opt/ros/humble/lib/librcl_yaml_param_parser.so /opt/ros/humble/lib/librosgraph_msgs__rosidl_typesupport_fastrtps_c.so /opt/ros/humble/lib/librosgraph_msgs__rosidl_typesupport_fastrtps_cpp.so /opt/ros/humble/lib/librosgraph_msgs__rosidl_typesupport_introspection_c.so /opt/ros/humble/lib/librosgraph_msgs__rosidl_typesupport_introspection_cpp.so /opt/ros/humble/lib/librosgraph_msgs__rosidl_typesupport_cpp.so /opt/ros/humble/lib/librosgraph_msgs__rosidl_generator_py.so /opt/ros/humble/lib/libstatistics_msgs__rosidl_typesupport_fastrtps_c.so /opt/ros/humble/lib/libstatistics_msgs__rosidl_typesupport_fastrtps_cpp.so /opt/ros/humble/lib/libstatistics_msgs__rosidl_typesupport_introspection_c.so /opt/ros/humble/lib/libstatistics_msgs__rosidl_typesupport_introspection_cpp.so /opt/ros/humble/lib/libstatistics_msgs__rosidl_typesupport_cpp.so /opt/ros/humble/lib/libstatistics_msgs__rosidl_generator_py.so /opt/ros/humble/lib/libtracetools.so /opt/ros/humble/lib/libsensor_msgs__rosidl_generator_c.so /opt/ros/humble/lib/libsensor_msgs__rosidl_typesupport_fastrtps_c.so /opt/ros/humble/lib/libgeometry_msgs__rosidl_typesupport_fastrtps_c.so /opt/ros/humble/lib/libstd_msgs__rosidl_typesupport_fastrtps_c.so /opt/ros/humble/lib/libsensor_msgs__rosidl_typesupport_fastrtps_cpp.so /opt/ros/humble/lib/libgeometry_msgs__rosidl_typesupport_fastrtps_cpp.so /opt/ros/humble/lib/libstd_msgs__rosidl_typesupport_fastrtps_cpp.so /opt/ros/humble/lib/libsensor_msgs__rosidl_typesupport_introspection_c.so /opt/ros/humble/lib/libgeometry_msgs__rosidl_typesupport_introspection_c.so /opt/ros/humble/lib/libstd_msgs__rosidl_typesupport_introspection_c.so /opt/ros/humble/lib/libsensor_msgs__rosidl_typesupport_c.so /opt/ros/humble/lib/libsensor_msgs__rosidl_typesupport_introspection_cpp.so /opt/ros/humble/lib/libgeometry_msgs__rosidl_typesupport_introspection_cpp.so /opt/ros/humble/lib/libstd_msgs__rosidl_typesupport_introspection_cpp.so /opt/ros/humble/lib/libsensor_msgs__rosidl_typesupport_cpp.so /opt/ros/humble/lib/libsensor_msgs__rosidl_generator_py.so /opt/ros/humble/lib/libgeometry_msgs__rosidl_generator_py.so /opt/ros/humble/lib/libstd_msgs__rosidl_generator_py.so /opt/ros/humble/lib/libsensor_msgs__rosidl_typesupport_cpp.so /opt/ros/humble/lib/libstd_msgs__rosidl_generator_c.so /opt/ros/humble/lib/libstd_msgs__rosidl_typesupport_fastrtps_c.so /opt/ros/humble/lib/libbuiltin_interfaces__rosidl_typesupport_fastrtps_c.so /opt/ros/humble/lib/libstd_msgs__rosidl_typesupport_fastrtps_cpp.so /opt/ros/humble/lib/libbuiltin_interfaces__rosidl_typesupport_fastrtps_cpp.so /opt/ros/humble/lib/libstd_msgs__rosidl_typesupport_introspection_c.so /opt/ros/humble/lib/libbuiltin_interfaces__rosidl_typesupport_introspection_c.so /opt/ros/humble/lib/libstd_msgs__rosidl_typesupport_c.so /opt/ros/humble/lib/libstd_msgs__rosidl_typesupport_introspection_cpp.so /opt/ros/humble/lib/libbuiltin_interfaces__rosidl_typesupport_introspection_cpp.so /opt/ros/humble/lib/libstd_msgs__rosidl_typesupport_cpp.so /opt/ros/humble/lib/libstd_msgs__rosidl_generator_py.so /usr/lib/aarch64-linux-gnu/libpython3.10.so /opt/ros/humble/lib/libbuiltin_interfaces__rosidl_generator_py.so /usr/lib/libOpenNI.so /usr/lib/aarch64-linux-gnu/libOpenNI2.so /usr/lib/aarch64-linux-gnu/libusb-1.0.so /usr/lib/aarch64-linux-gnu/libpcl_apps.so /usr/lib/aarch64-linux-gnu/libpcl_outofcore.so /usr/lib/aarch64-linux-gnu/libpcl_people.so /usr/lib/libOpenNI.so /usr/lib/aarch64-linux-gnu/libusb-1.0.so /usr/lib/aarch64-linux-gnu/libOpenNI2.so /usr/lib/aarch64-linux-gnu/libusb-1.0.so /usr/lib/aarch64-linux-gnu/libflann_cpp.so /opt/ros/humble/lib/librmw_implementation.so /opt/ros/humble/lib/libament_index_cpp.so /opt/ros/humble/lib/librcl_logging_spdlog.so /opt/ros/humble/lib/librcl_logging_interface.so /opt/ros/humble/lib/librcl_interfaces__rosidl_typesupport_c.so /opt/ros/humble/lib/librcl_interfaces__rosidl_generator_c.so /opt/ros/humble/lib/libyaml.so /opt/ros/humble/lib/librosgraph_msgs__rosidl_typesupport_c.so /opt/ros/humble/lib/librosgraph_msgs__rosidl_generator_c.so /opt/ros/humble/lib/libstatistics_msgs__rosidl_typesupport_c.so /opt/ros/humble/lib/libstatistics_msgs__rosidl_generator_c.so /opt/ros/humble/lib/librosidl_typesupport_fastrtps_c.so /opt/ros/humble/lib/librosidl_typesupport_fastrtps_cpp.so /opt/ros/humble/lib/libfastcdr.so.1.0.29 /opt/ros/humble/lib/librmw.so /opt/ros/humble/lib/librosidl_typesupport_introspection_cpp.so /opt/ros/humble/lib/librosidl_typesupport_introspection_c.so /opt/ros/humble/lib/libgeometry_msgs__rosidl_typesupport_cpp.so /opt/ros/humble/lib/libstd_msgs__rosidl_typesupport_cpp.so /opt/ros/humble/lib/libbuiltin_interfaces__rosidl_typesupport_cpp.so /opt/ros/humble/lib/librosidl_typesupport_cpp.so /opt/ros/humble/lib/libvisualization_msgs__rosidl_typesupport_c.so /opt/ros/humble/lib/libvisualization_msgs__rosidl_generator_c.so /usr/lib/aarch64-linux-gnu/libpython3.10.so /opt/ros/humble/lib/libsensor_msgs__rosidl_typesupport_c.so /opt/ros/humble/lib/libpcl_msgs__rosidl_generator_c.so /opt/ros/humble/lib/libsensor_msgs__rosidl_generator_c.so /opt/ros/humble/lib/libgeometry_msgs__rosidl_typesupport_c.so /opt/ros/humble/lib/libgeometry_msgs__rosidl_generator_c.so /opt/ros/humble/lib/libstd_msgs__rosidl_typesupport_c.so /opt/ros/humble/lib/libbuiltin_interfaces__rosidl_typesupport_c.so /opt/ros/humble/lib/librosidl_typesupport_c.so /opt/ros/humble/lib/librcpputils.so /opt/ros/humble/lib/libstd_msgs__rosidl_generator_c.so /opt/ros/humble/lib/libbuiltin_interfaces__rosidl_generator_c.so /opt/ros/humble/lib/librosidl_runtime_c.so /opt/ros/humble/lib/librcutils.so -latomic /usr/lib/aarch64-linux-gnu/libpcl_surface.so /usr/lib/aarch64-linux-gnu/libpcl_keypoints.so /usr/lib/aarch64-linux-gnu/libpcl_tracking.so /usr/lib/aarch64-linux-gnu/libpcl_recognition.so /usr/lib/aarch64-linux-gnu/libpcl_registration.so /usr/lib/aarch64-linux-gnu/libpcl_stereo.so /usr/lib/aarch64-linux-gnu/libpcl_segmentation.so /usr/lib/aarch64-linux-gnu/libpcl_features.so /usr/lib/aarch64-linux-gnu/libpcl_filters.so /usr/lib/aarch64-linux-gnu/libpcl_sample_consensus.so /usr/lib/aarch64-linux-gnu/libpcl_ml.so /usr/lib/aarch64-linux-gnu/libpcl_visualization.so /usr/lib/aarch64-linux-gnu/libpcl_search.so /usr/lib/aarch64-linux-gnu/libpcl_kdtree.so /usr/lib/aarch64-linux-gnu/libpcl_io.so /usr/lib/aarch64-linux-gnu/libpcl_octree.so /usr/lib/aarch64-linux-gnu/libpng.so /usr/lib/aarch64-linux-gnu/libz.so /usr/lib/libOpenNI.so /usr/lib/aarch64-linux-gnu/libOpenNI2.so /usr/lib/aarch64-linux-gnu/libusb-1.0.so /usr/lib/aarch64-linux-gnu/libvtkChartsCore-9.1.so.9.1.0 /usr/lib/aarch64-linux-gnu/libvtkInteractionImage-9.1.so.9.1.0 /usr/lib/aarch64-linux-gnu/libvtkIOGeometry-9.1.so.9.1.0 /usr/lib/aarch64-linux-gnu/libjsoncpp.so /usr/lib/aarch64-linux-gnu/libvtkIOPLY-9.1.so.9.1.0 /usr/lib/aarch64-linux-gnu/libvtkRenderingLOD-9.1.so.9.1.0 /usr/lib/aarch64-linux-gnu/libvtkViewsContext2D-9.1.so.9.1.0 /usr/lib/aarch64-linux-gnu/libvtkViewsCore-9.1.so.9.1.0 /usr/lib/aarch64-linux-gnu/libvtkGUISupportQt-9.1.so.9.1.0 /usr/lib/aarch64-linux-gnu/libvtkInteractionWidgets-9.1.so.9.1.0 /usr/lib/aarch64-linux-gnu/libvtkFiltersModeling-9.1.so.9.1.0 /usr/lib/aarch64-linux-gnu/libvtkInteractionStyle-9.1.so.9.1.0 /usr/lib/aarch64-linux-gnu/libvtkFiltersExtraction-9.1.so.9.1.0 /usr/lib/aarch64-linux-gnu/libvtkIOLegacy-9.1.so.9.1.0 /usr/lib/aarch64-linux-gnu/libvtkIOCore-9.1.so.9.1.0 /usr/lib/aarch64-linux-gnu/libvtkRenderingAnnotation-9.1.so.9.1.0 /usr/lib/aarch64-linux-gnu/libvtkRenderingContext2D-9.1.so.9.1.0 /usr/lib/aarch64-linux-gnu/libvtkRenderingFreeType-9.1.so.9.1.0 /usr/lib/aarch64-linux-gnu/libfreetype.so /usr/lib/aarch64-linux-gnu/libvtkImagingSources-9.1.so.9.1.0 /usr/lib/aarch64-linux-gnu/libvtkIOImage-9.1.so.9.1.0 /usr/lib/aarch64-linux-gnu/libvtkImagingCore-9.1.so.9.1.0 /usr/lib/aarch64-linux-gnu/libvtkRenderingOpenGL2-9.1.so.9.1.0 /usr/lib/aarch64-linux-gnu/libvtkRenderingUI-9.1.so.9.1.0 /usr/lib/aarch64-linux-gnu/libvtkRenderingCore-9.1.so.9.1.0 /usr/lib/aarch64-linux-gnu/libvtkCommonColor-9.1.so.9.1.0 /usr/lib/aarch64-linux-gnu/libvtkFiltersGeometry-9.1.so.9.1.0 /usr/lib/aarch64-linux-gnu/libvtkFiltersSources-9.1.so.9.1.0 /usr/lib/aarch64-linux-gnu/libvtkFiltersGeneral-9.1.so.9.1.0 /usr/lib/aarch64-linux-gnu/libvtkCommonComputationalGeometry-9.1.so.9.1.0 /usr/lib/aarch64-linux-gnu/libvtkFiltersCore-9.1.so.9.1.0 /usr/lib/aarch64-linux-gnu/libvtkCommonExecutionModel-9.1.so.9.1.0 /usr/lib/aarch64-linux-gnu/libvtkCommonDataModel-9.1.so.9.1.0 /usr/lib/aarch64-linux-gnu/libvtkCommonMisc-9.1.so.9.1.0 /usr/lib/aarch64-linux-gnu/libvtkCommonTransforms-9.1.so.9.1.0 /usr/lib/aarch64-linux-gnu/libvtkCommonMath-9.1.so.9.1.0 /usr/lib/aarch64-linux-gnu/libvtkkissfft-9.1.so.9.1.0 /usr/lib/aarch64-linux-gnu/libGLEW.so /usr/lib/aarch64-linux-gnu/libX11.so /usr/lib/aarch64-linux-gnu/libQt5OpenGL.so.5.15.3 /usr/lib/aarch64-linux-gnu/libQt5Widgets.so.5.15.3 /usr/lib/aarch64-linux-gnu/libQt5Gui.so.5.15.3 /usr/lib/aarch64-linux-gnu/libQt5Core.so.5.15.3 /usr/lib/aarch64-linux-gnu/libvtkCommonCore-9.1.so.9.1.0 /usr/lib/aarch64-linux-gnu/libtbb.so.12.5 /usr/lib/aarch64-linux-gnu/libvtksys-9.1.so.9.1.0 -ldl /usr/lib/aarch64-linux-gnu/libpcl_common.so /usr/lib/aarch64-linux-gnu/libboost_system.so.1.74.0 /usr/lib/aarch64-linux-gnu/libboost_filesystem.so.1.74.0 /usr/lib/aarch64-linux-gnu/libboost_date_time.so.1.74.0 /usr/lib/aarch64-linux-gnu/libboost_iostreams.so.1.74.0 /usr/lib/aarch64-linux-gnu/libboost_serialization.so.1.74.0 -llz4 /usr/lib/aarch64-linux-gnu/libqhull_r.so.8.0.2 -lm 
[12.458s] gmake[2]: Leaving directory '/ws/build/voxel_detector'
[12.463s] [ 66%] Built target voxel_detector_node
[12.784s] [ 83%] [32m[1mLinking CXX executable euclidean_detector_node[0m
[12.785s] /usr/bin/cmake -E cmake_link_script CMakeFiles/euclidean_detector_node.dir/link.txt --verbose=1
[12.789s] /usr/bin/c++ CMakeFiles/euclidean_detector_node.dir/src/euclidean_detector_node.cpp.o -o euclidean_detector_node  -Wl,-rpath,/opt/ros/humble/lib /opt/ros/humble/lib/libvisualization_msgs__rosidl_typesupport_fastrtps_c.so /opt/ros/humble/lib/libvisualization_msgs__rosidl_typesupport_fastrtps_cpp.so /opt/ros/humble/lib/libvisualization_msgs__rosidl_typesupport_introspection_c.so /opt/ros/humble/lib/libvisualization_msgs__rosidl_typesupport_introspection_cpp.so /opt/ros/humble/lib/libvisualization_msgs__rosidl_typesupport_cpp.so /opt/ros/humble/lib/libvisualization_msgs__rosidl_generator_py.so /opt/ros/humble/lib/libmessage_filters.so /opt/ros/humble/lib/librclcpp.so /opt/ros/humble/lib/librosidl_typesupport_fastrtps_c.so /opt/ros/humble/lib/librmw.so /opt/ros/humble/lib/librosidl_typesupport_fastrtps_cpp.so /opt/ros/humble/lib/librcutils.so -ldl -latomic /opt/ros/humble/lib/librcpputils.so /opt/ros/humble/lib/librosidl_typesupport_c.so /opt/ros/humble/lib/librosidl_typesupport_cpp.so /opt/ros/humble/lib/librosidl_runtime_c.so /opt/ros/humble/lib/librosidl_typesupport_introspection_c.so /opt/ros/humble/lib/librosidl_typesupport_introspection_cpp.so /opt/ros/humble/lib/libpcl_msgs__rosidl_generator_c.so /opt/ros/humble/lib/libpcl_msgs__rosidl_typesupport_fastrtps_c.so /opt/ros/humble/lib/libsensor_msgs__rosidl_typesupport_fastrtps_c.so /opt/ros/humble/lib/libpcl_msgs__rosidl_typesupport_introspection_c.so /opt/ros/humble/lib/libsensor_msgs__rosidl_typesupport_introspection_c.so /opt/ros/humble/lib/libpcl_msgs__rosidl_typesupport_c.so /opt/ros/humble/lib/libpcl_msgs__rosidl_typesupport_fastrtps_cpp.so /opt/ros/humble/lib/libsensor_msgs__rosidl_typesupport_fastrtps_cpp.so /opt/ros/humble/lib/libpcl_msgs__rosidl_typesupport_introspection_cpp.so /opt/ros/humble/lib/libsensor_msgs__rosidl_typesupport_introspection_cpp.so /opt/ros/humble/lib/libpcl_msgs__rosidl_typesupport_cpp.so /opt/ros/humble/lib/libpcl_msgs__rosidl_generator_py.so /opt/ros/humble/lib/libpcl_msgs__rosidl_typesupport_c.so /opt/ros/humble/lib/libsensor_msgs__rosidl_generator_py.so /opt/ros/humble/lib/librclcpp.so /opt/ros/humble/lib/liblibstatistics_collector.so /opt/ros/humble/lib/librcl.so /opt/ros/humble/lib/librcl_interfaces__rosidl_typesupport_fastrtps_c.so /opt/ros/humble/lib/librcl_interfaces__rosidl_typesupport_introspection_c.so /opt/ros/humble/lib/librcl_interfaces__rosidl_typesupport_fastrtps_cpp.so /opt/ros/humble/lib/librcl_interfaces__rosidl_typesupport_introspection_cpp.so /opt/ros/humble/lib/librcl_interfaces__rosidl_typesupport_cpp.so /opt/ros/humble/lib/librcl_interfaces__rosidl_generator_py.so /opt/ros/humble/lib/librcl_yaml_param_parser.so /opt/ros/humble/lib/librosgraph_msgs__rosidl_typesupport_fastrtps_c.so /opt/ros/humble/lib/librosgraph_msgs__rosidl_typesupport_fastrtps_cpp.so /opt/ros/humble/lib/librosgraph_msgs__rosidl_typesupport_introspection_c.so /opt/ros/humble/lib/librosgraph_msgs__rosidl_typesupport_introspection_cpp.so /opt/ros/humble/lib/librosgraph_msgs__rosidl_typesupport_cpp.so /opt/ros/humble/lib/librosgraph_msgs__rosidl_generator_py.so /opt/ros/humble/lib/libstatistics_msgs__rosidl_typesupport_fastrtps_c.so /opt/ros/humble/lib/libstatistics_msgs__rosidl_typesupport_fastrtps_cpp.so /opt/ros/humble/lib/libstatistics_msgs__rosidl_typesupport_introspection_c.so /opt/ros/humble/lib/libstatistics_msgs__rosidl_typesupport_introspection_cpp.so /opt/ros/humble/lib/libstatistics_msgs__rosidl_typesupport_cpp.so /opt/ros/humble/lib/libstatistics_msgs__rosidl_generator_py.so /opt/ros/humble/lib/libtracetools.so /opt/ros/humble/lib/libsensor_msgs__rosidl_generator_c.so /opt/ros/humble/lib/libsensor_msgs__rosidl_typesupport_fastrtps_c.so /opt/ros/humble/lib/libgeometry_msgs__rosidl_typesupport_fastrtps_c.so /opt/ros/humble/lib/libstd_msgs__rosidl_typesupport_fastrtps_c.so /opt/ros/humble/lib/libsensor_msgs__rosidl_typesupport_fastrtps_cpp.so /opt/ros/humble/lib/libgeometry_msgs__rosidl_typesupport_fastrtps_cpp.so /opt/ros/humble/lib/libstd_msgs__rosidl_typesupport_fastrtps_cpp.so /opt/ros/humble/lib/libsensor_msgs__rosidl_typesupport_introspection_c.so /opt/ros/humble/lib/libgeometry_msgs__rosidl_typesupport_introspection_c.so /opt/ros/humble/lib/libstd_msgs__rosidl_typesupport_introspection_c.so /opt/ros/humble/lib/libsensor_msgs__rosidl_typesupport_c.so /opt/ros/humble/lib/libsensor_msgs__rosidl_typesupport_introspection_cpp.so /opt/ros/humble/lib/libgeometry_msgs__rosidl_typesupport_introspection_cpp.so /opt/ros/humble/lib/libstd_msgs__rosidl_typesupport_introspection_cpp.so /opt/ros/humble/lib/libsensor_msgs__rosidl_typesupport_cpp.so /opt/ros/humble/lib/libsensor_msgs__rosidl_generator_py.so /opt/ros/humble/lib/libgeometry_msgs__rosidl_generator_py.so /opt/ros/humble/lib/libstd_msgs__rosidl_generator_py.so /opt/ros/humble/lib/libsensor_msgs__rosidl_typesupport_cpp.so /opt/ros/humble/lib/libstd_msgs__rosidl_generator_c.so /opt/ros/humble/lib/libstd_msgs__rosidl_typesupport_fastrtps_c.so /opt/ros/humble/lib/libbuiltin_interfaces__rosidl_typesupport_fastrtps_c.so /opt/ros/humble/lib/libstd_msgs__rosidl_typesupport_fastrtps_cpp.so /opt/ros/humble/lib/libbuiltin_interfaces__rosidl_typesupport_fastrtps_cpp.so /opt/ros/humble/lib/libstd_msgs__rosidl_typesupport_introspection_c.so /opt/ros/humble/lib/libbuiltin_interfaces__rosidl_typesupport_introspection_c.so /opt/ros/humble/lib/libstd_msgs__rosidl_typesupport_c.so /opt/ros/humble/lib/libstd_msgs__rosidl_typesupport_introspection_cpp.so /opt/ros/humble/lib/libbuiltin_interfaces__rosidl_typesupport_introspection_cpp.so /opt/ros/humble/lib/libstd_msgs__rosidl_typesupport_cpp.so /opt/ros/humble/lib/libstd_msgs__rosidl_generator_py.so /usr/lib/aarch64-linux-gnu/libpython3.10.so /opt/ros/humble/lib/libbuiltin_interfaces__rosidl_generator_py.so /usr/lib/libOpenNI.so /usr/lib/aarch64-linux-gnu/libOpenNI2.so /usr/lib/aarch64-linux-gnu/libusb-1.0.so /usr/lib/aarch64-linux-gnu/libpcl_apps.so /usr/lib/aarch64-linux-gnu/libpcl_outofcore.so /usr/lib/aarch64-linux-gnu/libpcl_people.so /usr/lib/libOpenNI.so /usr/lib/aarch64-linux-gnu/libusb-1.0.so /usr/lib/aarch64-linux-gnu/libOpenNI2.so /usr/lib/aarch64-linux-gnu/libusb-1.0.so /usr/lib/aarch64-linux-gnu/libflann_cpp.so /opt/ros/humble/lib/librmw_implementation.so /opt/ros/humble/lib/libament_index_cpp.so /opt/ros/humble/lib/librcl_logging_spdlog.so /opt/ros/humble/lib/librcl_logging_interface.so /opt/ros/humble/lib/librcl_interfaces__rosidl_typesupport_c.so /opt/ros/humble/lib/librcl_interfaces__rosidl_generator_c.so /opt/ros/humble/lib/libyaml.so /opt/ros/humble/lib/librosgraph_msgs__rosidl_typesupport_c.so /opt/ros/humble/lib/librosgraph_msgs__rosidl_generator_c.so /opt/ros/humble/lib/libstatistics_msgs__rosidl_typesupport_c.so /opt/ros/humble/lib/libstatistics_msgs__rosidl_generator_c.so /opt/ros/humble/lib/librosidl_typesupport_fastrtps_c.so /opt/ros/humble/lib/librosidl_typesupport_fastrtps_cpp.so /opt/ros/humble/lib/libfastcdr.so.1.0.29 /opt/ros/humble/lib/librmw.so /opt/ros/humble/lib/librosidl_typesupport_introspection_cpp.so /opt/ros/humble/lib/librosidl_typesupport_introspection_c.so /opt/ros/humble/lib/libgeometry_msgs__rosidl_typesupport_cpp.so /opt/ros/humble/lib/libstd_msgs__rosidl_typesupport_cpp.so /opt/ros/humble/lib/libbuiltin_interfaces__rosidl_typesupport_cpp.so /opt/ros/humble/lib/librosidl_typesupport_cpp.so /opt/ros/humble/lib/libvisualization_msgs__rosidl_typesupport_c.so /opt/ros/humble/lib/libvisualization_msgs__rosidl_generator_c.so /usr/lib/aarch64-linux-gnu/libpython3.10.so /opt/ros/humble/lib/libsensor_msgs__rosidl_typesupport_c.so /opt/ros/humble/lib/libpcl_msgs__rosidl_generator_c.so /opt/ros/humble/lib/libsensor_msgs__rosidl_generator_c.so /opt/ros/humble/lib/libgeometry_msgs__rosidl_typesupport_c.so /opt/ros/humble/lib/libgeometry_msgs__rosidl_generator_c.so /opt/ros/humble/lib/libstd_msgs__rosidl_typesupport_c.so /opt/ros/humble/lib/libbuiltin_interfaces__rosidl_typesupport_c.so /opt/ros/humble/lib/librosidl_typesupport_c.so /opt/ros/humble/lib/librcpputils.so /opt/ros/humble/lib/libstd_msgs__rosidl_generator_c.so /opt/ros/humble/lib/libbuiltin_interfaces__rosidl_generator_c.so /opt/ros/humble/lib/librosidl_runtime_c.so /opt/ros/humble/lib/librcutils.so -latomic /usr/lib/aarch64-linux-gnu/libpcl_surface.so /usr/lib/aarch64-linux-gnu/libpcl_keypoints.so /usr/lib/aarch64-linux-gnu/libpcl_tracking.so /usr/lib/aarch64-linux-gnu/libpcl_recognition.so /usr/lib/aarch64-linux-gnu/libpcl_registration.so /usr/lib/aarch64-linux-gnu/libpcl_stereo.so /usr/lib/aarch64-linux-gnu/libpcl_segmentation.so /usr/lib/aarch64-linux-gnu/libpcl_features.so /usr/lib/aarch64-linux-gnu/libpcl_filters.so /usr/lib/aarch64-linux-gnu/libpcl_sample_consensus.so /usr/lib/aarch64-linux-gnu/libpcl_ml.so /usr/lib/aarch64-linux-gnu/libpcl_visualization.so /usr/lib/aarch64-linux-gnu/libpcl_search.so /usr/lib/aarch64-linux-gnu/libpcl_kdtree.so /usr/lib/aarch64-linux-gnu/libpcl_io.so /usr/lib/aarch64-linux-gnu/libpcl_octree.so /usr/lib/aarch64-linux-gnu/libpng.so /usr/lib/aarch64-linux-gnu/libz.so /usr/lib/libOpenNI.so /usr/lib/aarch64-linux-gnu/libOpenNI2.so /usr/lib/aarch64-linux-gnu/libusb-1.0.so /usr/lib/aarch64-linux-gnu/libvtkChartsCore-9.1.so.9.1.0 /usr/lib/aarch64-linux-gnu/libvtkInteractionImage-9.1.so.9.1.0 /usr/lib/aarch64-linux-gnu/libvtkIOGeometry-9.1.so.9.1.0 /usr/lib/aarch64-linux-gnu/libjsoncpp.so /usr/lib/aarch64-linux-gnu/libvtkIOPLY-9.1.so.9.1.0 /usr/lib/aarch64-linux-gnu/libvtkRenderingLOD-9.1.so.9.1.0 /usr/lib/aarch64-linux-gnu/libvtkViewsContext2D-9.1.so.9.1.0 /usr/lib/aarch64-linux-gnu/libvtkViewsCore-9.1.so.9.1.0 /usr/lib/aarch64-linux-gnu/libvtkGUISupportQt-9.1.so.9.1.0 /usr/lib/aarch64-linux-gnu/libvtkInteractionWidgets-9.1.so.9.1.0 /usr/lib/aarch64-linux-gnu/libvtkFiltersModeling-9.1.so.9.1.0 /usr/lib/aarch64-linux-gnu/libvtkInteractionStyle-9.1.so.9.1.0 /usr/lib/aarch64-linux-gnu/libvtkFiltersExtraction-9.1.so.9.1.0 /usr/lib/aarch64-linux-gnu/libvtkIOLegacy-9.1.so.9.1.0 /usr/lib/aarch64-linux-gnu/libvtkIOCore-9.1.so.9.1.0 /usr/lib/aarch64-linux-gnu/libvtkRenderingAnnotation-9.1.so.9.1.0 /usr/lib/aarch64-linux-gnu/libvtkRenderingContext2D-9.1.so.9.1.0 /usr/lib/aarch64-linux-gnu/libvtkRenderingFreeType-9.1.so.9.1.0 /usr/lib/aarch64-linux-gnu/libfreetype.so /usr/lib/aarch64-linux-gnu/libvtkImagingSources-9.1.so.9.1.0 /usr/lib/aarch64-linux-gnu/libvtkIOImage-9.1.so.9.1.0 /usr/lib/aarch64-linux-gnu/libvtkImagingCore-9.1.so.9.1.0 /usr/lib/aarch64-linux-gnu/libvtkRenderingOpenGL2-9.1.so.9.1.0 /usr/lib/aarch64-linux-gnu/libvtkRenderingUI-9.1.so.9.1.0 /usr/lib/aarch64-linux-gnu/libvtkRenderingCore-9.1.so.9.1.0 /usr/lib/aarch64-linux-gnu/libvtkCommonColor-9.1.so.9.1.0 /usr/lib/aarch64-linux-gnu/libvtkFiltersGeometry-9.1.so.9.1.0 /usr/lib/aarch64-linux-gnu/libvtkFiltersSources-9.1.so.9.1.0 /usr/lib/aarch64-linux-gnu/libvtkFiltersGeneral-9.1.so.9.1.0 /usr/lib/aarch64-linux-gnu/libvtkCommonComputationalGeometry-9.1.so.9.1.0 /usr/lib/aarch64-linux-gnu/libvtkFiltersCore-9.1.so.9.1.0 /usr/lib/aarch64-linux-gnu/libvtkCommonExecutionModel-9.1.so.9.1.0 /usr/lib/aarch64-linux-gnu/libvtkCommonDataModel-9.1.so.9.1.0 /usr/lib/aarch64-linux-gnu/libvtkCommonMisc-9.1.so.9.1.0 /usr/lib/aarch64-linux-gnu/libvtkCommonTransforms-9.1.so.9.1.0 /usr/lib/aarch64-linux-gnu/libvtkCommonMath-9.1.so.9.1.0 /usr/lib/aarch64-linux-gnu/libvtkkissfft-9.1.so.9.1.0 /usr/lib/aarch64-linux-gnu/libGLEW.so /usr/lib/aarch64-linux-gnu/libX11.so /usr/lib/aarch64-linux-gnu/libQt5OpenGL.so.5.15.3 /usr/lib/aarch64-linux-gnu/libQt5Widgets.so.5.15.3 /usr/lib/aarch64-linux-gnu/libQt5Gui.so.5.15.3 /usr/lib/aarch64-linux-gnu/libQt5Core.so.5.15.3 /usr/lib/aarch64-linux-gnu/libvtkCommonCore-9.1.so.9.1.0 /usr/lib/aarch64-linux-gnu/libtbb.so.12.5 /usr/lib/aarch64-linux-gnu/libvtksys-9.1.so.9.1.0 -ldl /usr/lib/aarch64-linux-gnu/libpcl_common.so /usr/lib/aarch64-linux-gnu/libboost_system.so.1.74.0 /usr/lib/aarch64-linux-gnu/libboost_filesystem.so.1.74.0 /usr/lib/aarch64-linux-gnu/libboost_date_time.so.1.74.0 /usr/lib/aarch64-linux-gnu/libboost_iostreams.so.1.74.0 /usr/lib/aarch64-linux-gnu/libboost_serialization.so.1.74.0 -llz4 /usr/lib/aarch64-linux-gnu/libqhull_r.so.8.0.2 -lm 
[12.912s] [100%] [32m[1mLinking CXX executable dbscan_detector_node[0m
[12.912s] /usr/bin/cmake -E cmake_link_script CMakeFiles/dbscan_detector_node.dir/link.txt --verbose=1
[12.916s] /usr/bin/c++ CMakeFiles/dbscan_detector_node.dir/src/dbscan_detector_node.cpp.o -o dbscan_detector_node  -Wl,-rpath,/opt/ros/humble/lib /opt/ros/humble/lib/libvisualization_msgs__rosidl_typesupport_fastrtps_c.so /opt/ros/humble/lib/libvisualization_msgs__rosidl_typesupport_fastrtps_cpp.so /opt/ros/humble/lib/libvisualization_msgs__rosidl_typesupport_introspection_c.so /opt/ros/humble/lib/libvisualization_msgs__rosidl_typesupport_introspection_cpp.so /opt/ros/humble/lib/libvisualization_msgs__rosidl_typesupport_cpp.so /opt/ros/humble/lib/libvisualization_msgs__rosidl_generator_py.so /opt/ros/humble/lib/libmessage_filters.so /opt/ros/humble/lib/librclcpp.so /opt/ros/humble/lib/librosidl_typesupport_fastrtps_c.so /opt/ros/humble/lib/librmw.so /opt/ros/humble/lib/librosidl_typesupport_fastrtps_cpp.so /opt/ros/humble/lib/librcutils.so -ldl -latomic /opt/ros/humble/lib/librcpputils.so /opt/ros/humble/lib/librosidl_typesupport_c.so /opt/ros/humble/lib/librosidl_typesupport_cpp.so /opt/ros/humble/lib/librosidl_runtime_c.so /opt/ros/humble/lib/librosidl_typesupport_introspection_c.so /opt/ros/humble/lib/librosidl_typesupport_introspection_cpp.so /opt/ros/humble/lib/libpcl_msgs__rosidl_generator_c.so /opt/ros/humble/lib/libpcl_msgs__rosidl_typesupport_fastrtps_c.so /opt/ros/humble/lib/libsensor_msgs__rosidl_typesupport_fastrtps_c.so /opt/ros/humble/lib/libpcl_msgs__rosidl_typesupport_introspection_c.so /opt/ros/humble/lib/libsensor_msgs__rosidl_typesupport_introspection_c.so /opt/ros/humble/lib/libpcl_msgs__rosidl_typesupport_c.so /opt/ros/humble/lib/libpcl_msgs__rosidl_typesupport_fastrtps_cpp.so /opt/ros/humble/lib/libsensor_msgs__rosidl_typesupport_fastrtps_cpp.so /opt/ros/humble/lib/libpcl_msgs__rosidl_typesupport_introspection_cpp.so /opt/ros/humble/lib/libsensor_msgs__rosidl_typesupport_introspection_cpp.so /opt/ros/humble/lib/libpcl_msgs__rosidl_typesupport_cpp.so /opt/ros/humble/lib/libpcl_msgs__rosidl_generator_py.so /opt/ros/humble/lib/libpcl_msgs__rosidl_typesupport_c.so /opt/ros/humble/lib/libsensor_msgs__rosidl_generator_py.so /opt/ros/humble/lib/librclcpp.so /opt/ros/humble/lib/liblibstatistics_collector.so /opt/ros/humble/lib/librcl.so /opt/ros/humble/lib/librcl_interfaces__rosidl_typesupport_fastrtps_c.so /opt/ros/humble/lib/librcl_interfaces__rosidl_typesupport_introspection_c.so /opt/ros/humble/lib/librcl_interfaces__rosidl_typesupport_fastrtps_cpp.so /opt/ros/humble/lib/librcl_interfaces__rosidl_typesupport_introspection_cpp.so /opt/ros/humble/lib/librcl_interfaces__rosidl_typesupport_cpp.so /opt/ros/humble/lib/librcl_interfaces__rosidl_generator_py.so /opt/ros/humble/lib/librcl_yaml_param_parser.so /opt/ros/humble/lib/librosgraph_msgs__rosidl_typesupport_fastrtps_c.so /opt/ros/humble/lib/librosgraph_msgs__rosidl_typesupport_fastrtps_cpp.so /opt/ros/humble/lib/librosgraph_msgs__rosidl_typesupport_introspection_c.so /opt/ros/humble/lib/librosgraph_msgs__rosidl_typesupport_introspection_cpp.so /opt/ros/humble/lib/librosgraph_msgs__rosidl_typesupport_cpp.so /opt/ros/humble/lib/librosgraph_msgs__rosidl_generator_py.so /opt/ros/humble/lib/libstatistics_msgs__rosidl_typesupport_fastrtps_c.so /opt/ros/humble/lib/libstatistics_msgs__rosidl_typesupport_fastrtps_cpp.so /opt/ros/humble/lib/libstatistics_msgs__rosidl_typesupport_introspection_c.so /opt/ros/humble/lib/libstatistics_msgs__rosidl_typesupport_introspection_cpp.so /opt/ros/humble/lib/libstatistics_msgs__rosidl_typesupport_cpp.so /opt/ros/humble/lib/libstatistics_msgs__rosidl_generator_py.so /opt/ros/humble/lib/libtracetools.so /opt/ros/humble/lib/libsensor_msgs__rosidl_generator_c.so /opt/ros/humble/lib/libsensor_msgs__rosidl_typesupport_fastrtps_c.so /opt/ros/humble/lib/libgeometry_msgs__rosidl_typesupport_fastrtps_c.so /opt/ros/humble/lib/libstd_msgs__rosidl_typesupport_fastrtps_c.so /opt/ros/humble/lib/libsensor_msgs__rosidl_typesupport_fastrtps_cpp.so /opt/ros/humble/lib/libgeometry_msgs__rosidl_typesupport_fastrtps_cpp.so /opt/ros/humble/lib/libstd_msgs__rosidl_typesupport_fastrtps_cpp.so /opt/ros/humble/lib/libsensor_msgs__rosidl_typesupport_introspection_c.so /opt/ros/humble/lib/libgeometry_msgs__rosidl_typesupport_introspection_c.so /opt/ros/humble/lib/libstd_msgs__rosidl_typesupport_introspection_c.so /opt/ros/humble/lib/libsensor_msgs__rosidl_typesupport_c.so /opt/ros/humble/lib/libsensor_msgs__rosidl_typesupport_introspection_cpp.so /opt/ros/humble/lib/libgeometry_msgs__rosidl_typesupport_introspection_cpp.so /opt/ros/humble/lib/libstd_msgs__rosidl_typesupport_introspection_cpp.so /opt/ros/humble/lib/libsensor_msgs__rosidl_typesupport_cpp.so /opt/ros/humble/lib/libsensor_msgs__rosidl_generator_py.so /opt/ros/humble/lib/libgeometry_msgs__rosidl_generator_py.so /opt/ros/humble/lib/libstd_msgs__rosidl_generator_py.so /opt/ros/humble/lib/libsensor_msgs__rosidl_typesupport_cpp.so /opt/ros/humble/lib/libstd_msgs__rosidl_generator_c.so /opt/ros/humble/lib/libstd_msgs__rosidl_typesupport_fastrtps_c.so /opt/ros/humble/lib/libbuiltin_interfaces__rosidl_typesupport_fastrtps_c.so /opt/ros/humble/lib/libstd_msgs__rosidl_typesupport_fastrtps_cpp.so /opt/ros/humble/lib/libbuiltin_interfaces__rosidl_typesupport_fastrtps_cpp.so /opt/ros/humble/lib/libstd_msgs__rosidl_typesupport_introspection_c.so /opt/ros/humble/lib/libbuiltin_interfaces__rosidl_typesupport_introspection_c.so /opt/ros/humble/lib/libstd_msgs__rosidl_typesupport_c.so /opt/ros/humble/lib/libstd_msgs__rosidl_typesupport_introspection_cpp.so /opt/ros/humble/lib/libbuiltin_interfaces__rosidl_typesupport_introspection_cpp.so /opt/ros/humble/lib/libstd_msgs__rosidl_typesupport_cpp.so /opt/ros/humble/lib/libstd_msgs__rosidl_generator_py.so /usr/lib/aarch64-linux-gnu/libpython3.10.so /opt/ros/humble/lib/libbuiltin_interfaces__rosidl_generator_py.so /usr/lib/aarch64-linux-gnu/libpcl_apps.so /usr/lib/aarch64-linux-gnu/libpcl_outofcore.so /usr/lib/aarch64-linux-gnu/libpcl_people.so /usr/lib/libOpenNI.so /usr/lib/aarch64-linux-gnu/libOpenNI2.so /usr/lib/aarch64-linux-gnu/libusb-1.0.so /usr/lib/aarch64-linux-gnu/libflann_cpp.so /opt/ros/humble/lib/librmw_implementation.so /opt/ros/humble/lib/libament_index_cpp.so /opt/ros/humble/lib/librcl_logging_spdlog.so /opt/ros/humble/lib/librcl_logging_interface.so /opt/ros/humble/lib/librcl_interfaces__rosidl_typesupport_c.so /opt/ros/humble/lib/librcl_interfaces__rosidl_generator_c.so /opt/ros/humble/lib/libyaml.so /opt/ros/humble/lib/librosgraph_msgs__rosidl_typesupport_c.so /opt/ros/humble/lib/librosgraph_msgs__rosidl_generator_c.so /opt/ros/humble/lib/libstatistics_msgs__rosidl_typesupport_c.so /opt/ros/humble/lib/libstatistics_msgs__rosidl_generator_c.so /opt/ros/humble/lib/librosidl_typesupport_fastrtps_c.so /opt/ros/humble/lib/librosidl_typesupport_fastrtps_cpp.so /opt/ros/humble/lib/libfastcdr.so.1.0.29 /opt/ros/humble/lib/librmw.so /opt/ros/humble/lib/librosidl_typesupport_introspection_cpp.so /opt/ros/humble/lib/librosidl_typesupport_introspection_c.so /opt/ros/humble/lib/libgeometry_msgs__rosidl_typesupport_cpp.so /opt/ros/humble/lib/libstd_msgs__rosidl_typesupport_cpp.so /opt/ros/humble/lib/libbuiltin_interfaces__rosidl_typesupport_cpp.so /opt/ros/humble/lib/librosidl_typesupport_cpp.so /opt/ros/humble/lib/libvisualization_msgs__rosidl_typesupport_c.so /opt/ros/humble/lib/libvisualization_msgs__rosidl_generator_c.so /usr/lib/aarch64-linux-gnu/libpython3.10.so /opt/ros/humble/lib/libsensor_msgs__rosidl_typesupport_c.so /opt/ros/humble/lib/libpcl_msgs__rosidl_generator_c.so /opt/ros/humble/lib/libsensor_msgs__rosidl_generator_c.so /opt/ros/humble/lib/libgeometry_msgs__rosidl_typesupport_c.so /opt/ros/humble/lib/libgeometry_msgs__rosidl_generator_c.so /opt/ros/humble/lib/libstd_msgs__rosidl_typesupport_c.so /opt/ros/humble/lib/libbuiltin_interfaces__rosidl_typesupport_c.so /opt/ros/humble/lib/librosidl_typesupport_c.so /opt/ros/humble/lib/librcpputils.so /opt/ros/humble/lib/libstd_msgs__rosidl_generator_c.so /opt/ros/humble/lib/libbuiltin_interfaces__rosidl_generator_c.so /opt/ros/humble/lib/librosidl_runtime_c.so /opt/ros/humble/lib/librcutils.so -latomic /usr/lib/aarch64-linux-gnu/libpcl_surface.so /usr/lib/aarch64-linux-gnu/libpcl_keypoints.so /usr/lib/aarch64-linux-gnu/libpcl_tracking.so /usr/lib/aarch64-linux-gnu/libpcl_recognition.so /usr/lib/aarch64-linux-gnu/libpcl_registration.so /usr/lib/aarch64-linux-gnu/libpcl_stereo.so /usr/lib/aarch64-linux-gnu/libpcl_segmentation.so /usr/lib/aarch64-linux-gnu/libpcl_features.so /usr/lib/aarch64-linux-gnu/libpcl_filters.so /usr/lib/aarch64-linux-gnu/libpcl_sample_consensus.so /usr/lib/aarch64-linux-gnu/libpcl_ml.so /usr/lib/aarch64-linux-gnu/libpcl_visualization.so /usr/lib/aarch64-linux-gnu/libpcl_search.so /usr/lib/aarch64-linux-gnu/libpcl_kdtree.so /usr/lib/aarch64-linux-gnu/libpcl_io.so /usr/lib/aarch64-linux-gnu/libpcl_octree.so /usr/lib/aarch64-linux-gnu/libpng.so /usr/lib/aarch64-linux-gnu/libz.so /usr/lib/libOpenNI.so /usr/lib/aarch64-linux-gnu/libOpenNI2.so /usr/lib/aarch64-linux-gnu/libusb-1.0.so /usr/lib/aarch64-linux-gnu/libvtkChartsCore-9.1.so.9.1.0 /usr/lib/aarch64-linux-gnu/libvtkInteractionImage-9.1.so.9.1.0 /usr/lib/aarch64-linux-gnu/libvtkIOGeometry-9.1.so.9.1.0 /usr/lib/aarch64-linux-gnu/libjsoncpp.so /usr/lib/aarch64-linux-gnu/libvtkIOPLY-9.1.so.9.1.0 /usr/lib/aarch64-linux-gnu/libvtkRenderingLOD-9.1.so.9.1.0 /usr/lib/aarch64-linux-gnu/libvtkViewsContext2D-9.1.so.9.1.0 /usr/lib/aarch64-linux-gnu/libvtkViewsCore-9.1.so.9.1.0 /usr/lib/aarch64-linux-gnu/libvtkGUISupportQt-9.1.so.9.1.0 /usr/lib/aarch64-linux-gnu/libvtkInteractionWidgets-9.1.so.9.1.0 /usr/lib/aarch64-linux-gnu/libvtkFiltersModeling-9.1.so.9.1.0 /usr/lib/aarch64-linux-gnu/libvtkInteractionStyle-9.1.so.9.1.0 /usr/lib/aarch64-linux-gnu/libvtkFiltersExtraction-9.1.so.9.1.0 /usr/lib/aarch64-linux-gnu/libvtkIOLegacy-9.1.so.9.1.0 /usr/lib/aarch64-linux-gnu/libvtkIOCore-9.1.so.9.1.0 /usr/lib/aarch64-linux-gnu/libvtkRenderingAnnotation-9.1.so.9.1.0 /usr/lib/aarch64-linux-gnu/libvtkRenderingContext2D-9.1.so.9.1.0 /usr/lib/aarch64-linux-gnu/libvtkRenderingFreeType-9.1.so.9.1.0 /usr/lib/aarch64-linux-gnu/libfreetype.so /usr/lib/aarch64-linux-gnu/libvtkImagingSources-9.1.so.9.1.0 /usr/lib/aarch64-linux-gnu/libvtkIOImage-9.1.so.9.1.0 /usr/lib/aarch64-linux-gnu/libvtkImagingCore-9.1.so.9.1.0 /usr/lib/aarch64-linux-gnu/libvtkRenderingOpenGL2-9.1.so.9.1.0 /usr/lib/aarch64-linux-gnu/libvtkRenderingUI-9.1.so.9.1.0 /usr/lib/aarch64-linux-gnu/libvtkRenderingCore-9.1.so.9.1.0 /usr/lib/aarch64-linux-gnu/libvtkCommonColor-9.1.so.9.1.0 /usr/lib/aarch64-linux-gnu/libvtkFiltersGeometry-9.1.so.9.1.0 /usr/lib/aarch64-linux-gnu/libvtkFiltersSources-9.1.so.9.1.0 /usr/lib/aarch64-linux-gnu/libvtkFiltersGeneral-9.1.so.9.1.0 /usr/lib/aarch64-linux-gnu/libvtkCommonComputationalGeometry-9.1.so.9.1.0 /usr/lib/aarch64-linux-gnu/libvtkFiltersCore-9.1.so.9.1.0 /usr/lib/aarch64-linux-gnu/libvtkCommonExecutionModel-9.1.so.9.1.0 /usr/lib/aarch64-linux-gnu/libvtkCommonDataModel-9.1.so.9.1.0 /usr/lib/aarch64-linux-gnu/libvtkCommonMisc-9.1.so.9.1.0 /usr/lib/aarch64-linux-gnu/libvtkCommonTransforms-9.1.so.9.1.0 /usr/lib/aarch64-linux-gnu/libvtkCommonMath-9.1.so.9.1.0 /usr/lib/aarch64-linux-gnu/libvtkkissfft-9.1.so.9.1.0 /usr/lib/aarch64-linux-gnu/libGLEW.so /usr/lib/aarch64-linux-gnu/libX11.so /usr/lib/aarch64-linux-gnu/libQt5OpenGL.so.5.15.3 /usr/lib/aarch64-linux-gnu/libQt5Widgets.so.5.15.3 /usr/lib/aarch64-linux-gnu/libQt5Gui.so.5.15.3 /usr/lib/aarch64-linux-gnu/libQt5Core.so.5.15.3 /usr/lib/aarch64-linux-gnu/libvtkCommonCore-9.1.so.9.1.0 /usr/lib/aarch64-linux-gnu/libtbb.so.12.5 /usr/lib/aarch64-linux-gnu/libvtksys-9.1.so.9.1.0 -ldl /usr/lib/aarch64-linux-gnu/libpcl_common.so /usr/lib/aarch64-linux-gnu/libboost_system.so.1.74.0 /usr/lib/aarch64-linux-gnu/libboost_filesystem.so.1.74.0 /usr/lib/aarch64-linux-gnu/libboost_date_time.so.1.74.0 /usr/lib/aarch64-linux-gnu/libboost_iostreams.so.1.74.0 /usr/lib/aarch64-linux-gnu/libboost_serialization.so.1.74.0 -llz4 /usr/lib/aarch64-linux-gnu/libqhull_r.so.8.0.2 -lm 
[13.371s] gmake[2]: Leaving directory '/ws/build/voxel_detector'
[13.375s] [100%] Built target dbscan_detector_node
[13.393s] gmake[2]: Leaving directory '/ws/build/voxel_detector'
[13.397s] [100%] Built target euclidean_detector_node
[13.398s] gmake[1]: Leaving directory '/ws/build/voxel_detector'
[13.398s] /usr/bin/cmake -E cmake_progress_start /ws/build/voxel_detector/CMakeFiles 0
[13.410s] Invoked command in '/ws/build/voxel_detector' returned '0': CMAKE_PREFIX_PATH=${CMAKE_PREFIX_PATH}:/opt/ros/humble /usr/bin/cmake --build /ws/build/voxel_detector -- -j5 -l5
